[0.226s] DEBUG:colcon:Command line arguments: ['/usr/bin/colcon', 'build', '--symlink-install']
[0.226s] DEBUG:colcon:Parsed command line arguments: Namespace(ament_cmake_args=None, base_paths='.', build_base='build', catkin_cmake_args=None, catkin_skip_building_tests=False, cmake_args=None, cmake_clean_cache=False, cmake_clean_first=False, cmake_force_configure=False, cmake_target=None, cmake_target_skip_unavailable=False, continue_on_error=False, event_handlers=None, executor='parallel', ignore_user_meta=False, install_base='install', log_base='log', log_level=None, main=<bound method BuildVerb.main of <colcon_core.verb.build.BuildVerb object at 0x7fc16ca49c88>>, merge_install=False, metas='./colcon.meta', packages_above=None, packages_above_depth=None, packages_end=None, packages_ignore=None, packages_ignore_regex=None, packages_select=None, packages_select_build_failed=False, packages_select_by_dep=None, packages_select_regex=None, packages_select_test_failures=False, packages_skip=None, packages_skip_build_finished=False, packages_skip_by_dep=None, packages_skip_regex=None, packages_skip_test_passed=False, packages_skip_up_to=None, packages_start=None, packages_up_to=None, parallel_workers=8, paths=None, symlink_install=True, test_result_base=None, verb_extension=<colcon_core.verb.build.BuildVerb object at 0x7fc16ca49c88>, verb_name='build', verb_parser=<colcon_defaults.argument_parser.defaults.DefaultArgumentsDecorator object at 0x7fc16ca49fd0>)
[0.286s] Level 1:colcon.colcon_core.package_discovery:discover_packages(colcon_meta) check parameters
[0.286s] Level 1:colcon.colcon_core.package_discovery:discover_packages(recursive) check parameters
[0.286s] Level 1:colcon.colcon_core.package_discovery:discover_packages(ignore) check parameters
[0.287s] Level 1:colcon.colcon_core.package_discovery:discover_packages(path) check parameters
[0.287s] Level 1:colcon.colcon_core.package_discovery:discover_packages(recursive) discover
[0.287s] INFO:colcon.colcon_core.package_discovery:Crawling recursively for packages in '/home/takeyama/workspace/ros2_eyeexplorer'
[0.287s] Level 1:colcon.colcon_core.package_identification:_identify(/home/takeyama/workspace/ros2_eyeexplorer) by extensions ['ignore', 'ignore_ament_install']
[0.287s] Level 1:colcon.colcon_core.package_identification:_identify(/home/takeyama/workspace/ros2_eyeexplorer) by extension 'ignore'
[0.287s] Level 1:colcon.colcon_core.package_identification:_identify(/home/takeyama/workspace/ros2_eyeexplorer) by extension 'ignore_ament_install'
[0.287s] Level 1:colcon.colcon_core.package_identification:_identify(/home/takeyama/workspace/ros2_eyeexplorer) by extensions ['colcon_pkg']
[0.287s] Level 1:colcon.colcon_core.package_identification:_identify(/home/takeyama/workspace/ros2_eyeexplorer) by extension 'colcon_pkg'
[0.287s] Level 1:colcon.colcon_core.package_identification:_identify(/home/takeyama/workspace/ros2_eyeexplorer) by extensions ['colcon_meta']
[0.287s] Level 1:colcon.colcon_core.package_identification:_identify(/home/takeyama/workspace/ros2_eyeexplorer) by extension 'colcon_meta'
[0.288s] Level 1:colcon.colcon_core.package_identification:_identify(/home/takeyama/workspace/ros2_eyeexplorer) by extensions ['ros']
[0.288s] Level 1:colcon.colcon_core.package_identification:_identify(/home/takeyama/workspace/ros2_eyeexplorer) by extension 'ros'
[0.300s] Level 1:colcon.colcon_core.package_identification:_identify(/home/takeyama/workspace/ros2_eyeexplorer) by extensions ['cmake', 'python']
[0.300s] Level 1:colcon.colcon_core.package_identification:_identify(/home/takeyama/workspace/ros2_eyeexplorer) by extension 'cmake'
[0.300s] Level 1:colcon.colcon_core.package_identification:_identify(/home/takeyama/workspace/ros2_eyeexplorer) by extension 'python'
[0.300s] Level 1:colcon.colcon_core.package_identification:_identify(/home/takeyama/workspace/ros2_eyeexplorer) by extensions ['python_setup_py']
[0.301s] Level 1:colcon.colcon_core.package_identification:_identify(/home/takeyama/workspace/ros2_eyeexplorer) by extension 'python_setup_py'
[0.301s] Level 1:colcon.colcon_core.package_identification:_identify(/home/takeyama/workspace/ros2_eyeexplorer/build) by extensions ['ignore', 'ignore_ament_install']
[0.301s] Level 1:colcon.colcon_core.package_identification:_identify(/home/takeyama/workspace/ros2_eyeexplorer/build) by extension 'ignore'
[0.301s] Level 1:colcon.colcon_core.package_identification:_identify(/home/takeyama/workspace/ros2_eyeexplorer/build) ignored
[0.301s] Level 1:colcon.colcon_core.package_identification:_identify(/home/takeyama/workspace/ros2_eyeexplorer/install) by extensions ['ignore', 'ignore_ament_install']
[0.301s] Level 1:colcon.colcon_core.package_identification:_identify(/home/takeyama/workspace/ros2_eyeexplorer/install) by extension 'ignore'
[0.301s] Level 1:colcon.colcon_core.package_identification:_identify(/home/takeyama/workspace/ros2_eyeexplorer/install) ignored
[0.301s] Level 1:colcon.colcon_core.package_identification:_identify(/home/takeyama/workspace/ros2_eyeexplorer/log) by extensions ['ignore', 'ignore_ament_install']
[0.302s] Level 1:colcon.colcon_core.package_identification:_identify(/home/takeyama/workspace/ros2_eyeexplorer/log) by extension 'ignore'
[0.302s] Level 1:colcon.colcon_core.package_identification:_identify(/home/takeyama/workspace/ros2_eyeexplorer/log) ignored
[0.302s] Level 1:colcon.colcon_core.package_identification:_identify(/home/takeyama/workspace/ros2_eyeexplorer/src) by extensions ['ignore', 'ignore_ament_install']
[0.302s] Level 1:colcon.colcon_core.package_identification:_identify(/home/takeyama/workspace/ros2_eyeexplorer/src) by extension 'ignore'
[0.302s] Level 1:colcon.colcon_core.package_identification:_identify(/home/takeyama/workspace/ros2_eyeexplorer/src) by extension 'ignore_ament_install'
[0.302s] Level 1:colcon.colcon_core.package_identification:_identify(/home/takeyama/workspace/ros2_eyeexplorer/src) by extensions ['colcon_pkg']
[0.302s] Level 1:colcon.colcon_core.package_identification:_identify(/home/takeyama/workspace/ros2_eyeexplorer/src) by extension 'colcon_pkg'
[0.302s] Level 1:colcon.colcon_core.package_identification:_identify(/home/takeyama/workspace/ros2_eyeexplorer/src) by extensions ['colcon_meta']
[0.302s] Level 1:colcon.colcon_core.package_identification:_identify(/home/takeyama/workspace/ros2_eyeexplorer/src) by extension 'colcon_meta'
[0.302s] Level 1:colcon.colcon_core.package_identification:_identify(/home/takeyama/workspace/ros2_eyeexplorer/src) by extensions ['ros']
[0.302s] Level 1:colcon.colcon_core.package_identification:_identify(/home/takeyama/workspace/ros2_eyeexplorer/src) by extension 'ros'
[0.302s] Level 1:colcon.colcon_core.package_identification:_identify(/home/takeyama/workspace/ros2_eyeexplorer/src) by extensions ['cmake', 'python']
[0.303s] Level 1:colcon.colcon_core.package_identification:_identify(/home/takeyama/workspace/ros2_eyeexplorer/src) by extension 'cmake'
[0.303s] Level 1:colcon.colcon_core.package_identification:_identify(/home/takeyama/workspace/ros2_eyeexplorer/src) by extension 'python'
[0.303s] Level 1:colcon.colcon_core.package_identification:_identify(/home/takeyama/workspace/ros2_eyeexplorer/src) by extensions ['python_setup_py']
[0.303s] Level 1:colcon.colcon_core.package_identification:_identify(/home/takeyama/workspace/ros2_eyeexplorer/src) by extension 'python_setup_py'
[0.303s] Level 1:colcon.colcon_core.package_identification:_identify(/home/takeyama/workspace/ros2_eyeexplorer/src/endoscope) by extensions ['ignore', 'ignore_ament_install']
[0.303s] Level 1:colcon.colcon_core.package_identification:_identify(/home/takeyama/workspace/ros2_eyeexplorer/src/endoscope) by extension 'ignore'
[0.303s] Level 1:colcon.colcon_core.package_identification:_identify(/home/takeyama/workspace/ros2_eyeexplorer/src/endoscope) by extension 'ignore_ament_install'
[0.303s] Level 1:colcon.colcon_core.package_identification:_identify(/home/takeyama/workspace/ros2_eyeexplorer/src/endoscope) by extensions ['colcon_pkg']
[0.303s] Level 1:colcon.colcon_core.package_identification:_identify(/home/takeyama/workspace/ros2_eyeexplorer/src/endoscope) by extension 'colcon_pkg'
[0.303s] Level 1:colcon.colcon_core.package_identification:_identify(/home/takeyama/workspace/ros2_eyeexplorer/src/endoscope) by extensions ['colcon_meta']
[0.303s] Level 1:colcon.colcon_core.package_identification:_identify(/home/takeyama/workspace/ros2_eyeexplorer/src/endoscope) by extension 'colcon_meta'
[0.303s] Level 1:colcon.colcon_core.package_identification:_identify(/home/takeyama/workspace/ros2_eyeexplorer/src/endoscope) by extensions ['ros']
[0.303s] Level 1:colcon.colcon_core.package_identification:_identify(/home/takeyama/workspace/ros2_eyeexplorer/src/endoscope) by extension 'ros'
[0.306s] DEBUG:colcon.colcon_core.package_identification:Package '/home/takeyama/workspace/ros2_eyeexplorer/src/endoscope' with type 'ros.ament_cmake' and name 'endoscope'
[0.306s] Level 1:colcon.colcon_core.package_discovery:discover_packages(recursive) using defaults
[0.312s] Level 5:colcon.colcon_core.verb:set package 'endoscope' build argument 'cmake_args' from command line to 'None'
[0.313s] Level 5:colcon.colcon_core.verb:set package 'endoscope' build argument 'cmake_target' from command line to 'None'
[0.313s] Level 5:colcon.colcon_core.verb:set package 'endoscope' build argument 'cmake_target_skip_unavailable' from command line to 'False'
[0.313s] Level 5:colcon.colcon_core.verb:set package 'endoscope' build argument 'cmake_clean_cache' from command line to 'False'
[0.313s] Level 5:colcon.colcon_core.verb:set package 'endoscope' build argument 'cmake_clean_first' from command line to 'False'
[0.313s] Level 5:colcon.colcon_core.verb:set package 'endoscope' build argument 'cmake_force_configure' from command line to 'False'
[0.313s] Level 5:colcon.colcon_core.verb:set package 'endoscope' build argument 'ament_cmake_args' from command line to 'None'
[0.313s] Level 5:colcon.colcon_core.verb:set package 'endoscope' build argument 'catkin_cmake_args' from command line to 'None'
[0.313s] Level 5:colcon.colcon_core.verb:set package 'endoscope' build argument 'catkin_skip_building_tests' from command line to 'False'
[0.313s] DEBUG:colcon.colcon_core.verb:Building package 'endoscope' with the following arguments: {'ament_cmake_args': None, 'build_base': '/home/takeyama/workspace/ros2_eyeexplorer/build/endoscope', 'catkin_cmake_args': None, 'catkin_skip_building_tests': False, 'cmake_args': None, 'cmake_clean_cache': False, 'cmake_clean_first': False, 'cmake_force_configure': False, 'cmake_target': None, 'cmake_target_skip_unavailable': False, 'install_base': '/home/takeyama/workspace/ros2_eyeexplorer/install/endoscope', 'merge_install': False, 'path': '/home/takeyama/workspace/ros2_eyeexplorer/src/endoscope', 'symlink_install': True, 'test_result_base': None}
[0.315s] INFO:colcon.colcon_core.executor:Executing jobs using 'parallel' executor
[0.316s] DEBUG:colcon.colcon_parallel_executor.executor.parallel:run_until_complete
[0.317s] INFO:colcon.colcon_ros.task.ament_cmake.build:Building ROS package in '/home/takeyama/workspace/ros2_eyeexplorer/src/endoscope' with build type 'ament_cmake'
[0.324s] INFO:colcon.colcon_core.plugin_system:Skipping extension 'colcon_core.shell.bat': Not used on non-Windows systems
[0.325s] INFO:colcon.colcon_cmake.task.cmake.build:Building CMake package in '/home/takeyama/workspace/ros2_eyeexplorer/src/endoscope'
[0.326s] INFO:colcon.colcon_core.shell:Skip shell extension 'powershell' for command environment: Not usable outside of PowerShell
[0.327s] DEBUG:colcon.colcon_core.shell:Skip shell extension 'dsv' for command environment
[0.353s] DEBUG:colcon.colcon_core.shell:Ignoring prefix path '/opt/ros/dashing'
[0.365s] DEBUG:colcon.colcon_core.event_handler.log_command:Invoking command in '/home/takeyama/workspace/ros2_eyeexplorer/build/endoscope': CMAKE_PREFIX_PATH=${CMAKE_PREFIX_PATH}:/home/takeyama/workspace/ros2_ws/install/ros2bag:/home/takeyama/workspace/ros2_ws/install/topic_monitor:/home/takeyama/workspace/ros2_ws/install/sros2:/home/takeyama/workspace/ros2_ws/install/rqt:/home/takeyama/workspace/ros2_ws/install/rqt_graph:/home/takeyama/workspace/ros2_ws/install/rqt_gui_py:/home/takeyama/workspace/ros2_ws/install/rqt_gui:/home/takeyama/workspace/ros2_ws/install/ros2topic:/home/takeyama/workspace/ros2_ws/install/ros2test:/home/takeyama/workspace/ros2_ws/install/ros2component:/home/takeyama/workspace/ros2_ws/install/ros2param:/home/takeyama/workspace/ros2_ws/install/ros2lifecycle:/home/takeyama/workspace/ros2_ws/install/ros2service:/home/takeyama/workspace/ros2_ws/install/ros2srv:/home/takeyama/workspace/ros2_ws/install/ros2run:/home/takeyama/workspace/ros2_ws/install/ros2launch:/home/takeyama/workspace/ros2_ws/install/ros2pkg:/home/takeyama/workspace/ros2_ws/install/ros2node:/home/takeyama/workspace/ros2_ws/install/ros2multicast:/home/takeyama/workspace/ros2_ws/install/ros2msg:/home/takeyama/workspace/ros2_ws/install/ros2action:/home/takeyama/workspace/ros2_ws/install/ros2cli:/home/takeyama/workspace/ros2_ws/install/quality_of_service_demo_py:/home/takeyama/workspace/ros2_ws/install/launch_testing_ros:/home/takeyama/workspace/ros2_ws/install/launch_ros:/home/takeyama/workspace/ros2_ws/install/examples_rclpy_minimal_subscriber:/home/takeyama/workspace/ros2_ws/install/examples_rclpy_minimal_service:/home/takeyama/workspace/ros2_ws/install/examples_rclpy_minimal_publisher:/home/takeyama/workspace/ros2_ws/install/examples_rclpy_minimal_client:/home/takeyama/workspace/ros2_ws/install/examples_rclpy_minimal_action_server:/home/takeyama/workspace/ros2_ws/install/examples_rclpy_minimal_action_client:/home/takeyama/workspace/ros2_ws/install/examples_rclpy_executors:/home/takeyama/workspace/ros2_ws/install/demo_nodes_py:/home/takeyama/workspace/ros2_ws/install/ament_uncrustify:/home/takeyama/workspace/ros2_ws/install/test_launch_ros:/home/takeyama/workspace/ros2_ws/install/rosidl_runtime_py:/home/takeyama/workspace/ros2_ws/install/launch_testing:/home/takeyama/workspace/ros2_ws/install/launch:/home/takeyama/workspace/ros2_ws/install/osrf_pycommon:/home/takeyama/workspace/ros2_ws/install/ament_xmllint:/home/takeyama/workspace/ros2_ws/install/ament_pyflakes:/home/takeyama/workspace/ros2_ws/install/ament_pep8:/home/takeyama/workspace/ros2_ws/install/ament_pep257:/home/takeyama/workspace/ros2_ws/install/ament_pclint:/home/takeyama/workspace/ros2_ws/install/ament_package:/home/takeyama/workspace/ros2_ws/install/ament_lint_cmake:/home/takeyama/workspace/ros2_ws/install/ament_flake8:/home/takeyama/workspace/ros2_ws/install/ament_copyright:/home/takeyama/workspace/ros2_ws/install/ament_lint:/home/takeyama/workspace/ros2_ws/install/ament_index_python:/home/takeyama/workspace/ros2_ws/install/ament_cpplint:/home/takeyama/workspace/ros2_ws/install/ament_cppcheck:/home/takeyama/workspace/ros2_ws/install/ament_clang_tidy:/home/takeyama/workspace/ros2_ws/install/ament_clang_format:/opt/ros/dashing /usr/bin/cmake --build /home/takeyama/workspace/ros2_eyeexplorer/build/endoscope -- -j8 -l8
[4.784s] DEBUG:colcon.colcon_core.event_handler.log_command:Invoked command in '/home/takeyama/workspace/ros2_eyeexplorer/build/endoscope' returned '0': CMAKE_PREFIX_PATH=${CMAKE_PREFIX_PATH}:/home/takeyama/workspace/ros2_ws/install/ros2bag:/home/takeyama/workspace/ros2_ws/install/topic_monitor:/home/takeyama/workspace/ros2_ws/install/sros2:/home/takeyama/workspace/ros2_ws/install/rqt:/home/takeyama/workspace/ros2_ws/install/rqt_graph:/home/takeyama/workspace/ros2_ws/install/rqt_gui_py:/home/takeyama/workspace/ros2_ws/install/rqt_gui:/home/takeyama/workspace/ros2_ws/install/ros2topic:/home/takeyama/workspace/ros2_ws/install/ros2test:/home/takeyama/workspace/ros2_ws/install/ros2component:/home/takeyama/workspace/ros2_ws/install/ros2param:/home/takeyama/workspace/ros2_ws/install/ros2lifecycle:/home/takeyama/workspace/ros2_ws/install/ros2service:/home/takeyama/workspace/ros2_ws/install/ros2srv:/home/takeyama/workspace/ros2_ws/install/ros2run:/home/takeyama/workspace/ros2_ws/install/ros2launch:/home/takeyama/workspace/ros2_ws/install/ros2pkg:/home/takeyama/workspace/ros2_ws/install/ros2node:/home/takeyama/workspace/ros2_ws/install/ros2multicast:/home/takeyama/workspace/ros2_ws/install/ros2msg:/home/takeyama/workspace/ros2_ws/install/ros2action:/home/takeyama/workspace/ros2_ws/install/ros2cli:/home/takeyama/workspace/ros2_ws/install/quality_of_service_demo_py:/home/takeyama/workspace/ros2_ws/install/launch_testing_ros:/home/takeyama/workspace/ros2_ws/install/launch_ros:/home/takeyama/workspace/ros2_ws/install/examples_rclpy_minimal_subscriber:/home/takeyama/workspace/ros2_ws/install/examples_rclpy_minimal_service:/home/takeyama/workspace/ros2_ws/install/examples_rclpy_minimal_publisher:/home/takeyama/workspace/ros2_ws/install/examples_rclpy_minimal_client:/home/takeyama/workspace/ros2_ws/install/examples_rclpy_minimal_action_server:/home/takeyama/workspace/ros2_ws/install/examples_rclpy_minimal_action_client:/home/takeyama/workspace/ros2_ws/install/examples_rclpy_executors:/home/takeyama/workspace/ros2_ws/install/demo_nodes_py:/home/takeyama/workspace/ros2_ws/install/ament_uncrustify:/home/takeyama/workspace/ros2_ws/install/test_launch_ros:/home/takeyama/workspace/ros2_ws/install/rosidl_runtime_py:/home/takeyama/workspace/ros2_ws/install/launch_testing:/home/takeyama/workspace/ros2_ws/install/launch:/home/takeyama/workspace/ros2_ws/install/osrf_pycommon:/home/takeyama/workspace/ros2_ws/install/ament_xmllint:/home/takeyama/workspace/ros2_ws/install/ament_pyflakes:/home/takeyama/workspace/ros2_ws/install/ament_pep8:/home/takeyama/workspace/ros2_ws/install/ament_pep257:/home/takeyama/workspace/ros2_ws/install/ament_pclint:/home/takeyama/workspace/ros2_ws/install/ament_package:/home/takeyama/workspace/ros2_ws/install/ament_lint_cmake:/home/takeyama/workspace/ros2_ws/install/ament_flake8:/home/takeyama/workspace/ros2_ws/install/ament_copyright:/home/takeyama/workspace/ros2_ws/install/ament_lint:/home/takeyama/workspace/ros2_ws/install/ament_index_python:/home/takeyama/workspace/ros2_ws/install/ament_cpplint:/home/takeyama/workspace/ros2_ws/install/ament_cppcheck:/home/takeyama/workspace/ros2_ws/install/ament_clang_tidy:/home/takeyama/workspace/ros2_ws/install/ament_clang_format:/opt/ros/dashing /usr/bin/cmake --build /home/takeyama/workspace/ros2_eyeexplorer/build/endoscope -- -j8 -l8
[4.851s] DEBUG:colcon.colcon_core.event_handler.log_command:Invoking command in '/home/takeyama/workspace/ros2_eyeexplorer/build/endoscope': CMAKE_PREFIX_PATH=${CMAKE_PREFIX_PATH}:/home/takeyama/workspace/ros2_ws/install/ros2bag:/home/takeyama/workspace/ros2_ws/install/topic_monitor:/home/takeyama/workspace/ros2_ws/install/sros2:/home/takeyama/workspace/ros2_ws/install/rqt:/home/takeyama/workspace/ros2_ws/install/rqt_graph:/home/takeyama/workspace/ros2_ws/install/rqt_gui_py:/home/takeyama/workspace/ros2_ws/install/rqt_gui:/home/takeyama/workspace/ros2_ws/install/ros2topic:/home/takeyama/workspace/ros2_ws/install/ros2test:/home/takeyama/workspace/ros2_ws/install/ros2component:/home/takeyama/workspace/ros2_ws/install/ros2param:/home/takeyama/workspace/ros2_ws/install/ros2lifecycle:/home/takeyama/workspace/ros2_ws/install/ros2service:/home/takeyama/workspace/ros2_ws/install/ros2srv:/home/takeyama/workspace/ros2_ws/install/ros2run:/home/takeyama/workspace/ros2_ws/install/ros2launch:/home/takeyama/workspace/ros2_ws/install/ros2pkg:/home/takeyama/workspace/ros2_ws/install/ros2node:/home/takeyama/workspace/ros2_ws/install/ros2multicast:/home/takeyama/workspace/ros2_ws/install/ros2msg:/home/takeyama/workspace/ros2_ws/install/ros2action:/home/takeyama/workspace/ros2_ws/install/ros2cli:/home/takeyama/workspace/ros2_ws/install/quality_of_service_demo_py:/home/takeyama/workspace/ros2_ws/install/launch_testing_ros:/home/takeyama/workspace/ros2_ws/install/launch_ros:/home/takeyama/workspace/ros2_ws/install/examples_rclpy_minimal_subscriber:/home/takeyama/workspace/ros2_ws/install/examples_rclpy_minimal_service:/home/takeyama/workspace/ros2_ws/install/examples_rclpy_minimal_publisher:/home/takeyama/workspace/ros2_ws/install/examples_rclpy_minimal_client:/home/takeyama/workspace/ros2_ws/install/examples_rclpy_minimal_action_server:/home/takeyama/workspace/ros2_ws/install/examples_rclpy_minimal_action_client:/home/takeyama/workspace/ros2_ws/install/examples_rclpy_executors:/home/takeyama/workspace/ros2_ws/install/demo_nodes_py:/home/takeyama/workspace/ros2_ws/install/ament_uncrustify:/home/takeyama/workspace/ros2_ws/install/test_launch_ros:/home/takeyama/workspace/ros2_ws/install/rosidl_runtime_py:/home/takeyama/workspace/ros2_ws/install/launch_testing:/home/takeyama/workspace/ros2_ws/install/launch:/home/takeyama/workspace/ros2_ws/install/osrf_pycommon:/home/takeyama/workspace/ros2_ws/install/ament_xmllint:/home/takeyama/workspace/ros2_ws/install/ament_pyflakes:/home/takeyama/workspace/ros2_ws/install/ament_pep8:/home/takeyama/workspace/ros2_ws/install/ament_pep257:/home/takeyama/workspace/ros2_ws/install/ament_pclint:/home/takeyama/workspace/ros2_ws/install/ament_package:/home/takeyama/workspace/ros2_ws/install/ament_lint_cmake:/home/takeyama/workspace/ros2_ws/install/ament_flake8:/home/takeyama/workspace/ros2_ws/install/ament_copyright:/home/takeyama/workspace/ros2_ws/install/ament_lint:/home/takeyama/workspace/ros2_ws/install/ament_index_python:/home/takeyama/workspace/ros2_ws/install/ament_cpplint:/home/takeyama/workspace/ros2_ws/install/ament_cppcheck:/home/takeyama/workspace/ros2_ws/install/ament_clang_tidy:/home/takeyama/workspace/ros2_ws/install/ament_clang_format:/opt/ros/dashing /usr/bin/cmake --build /home/takeyama/workspace/ros2_eyeexplorer/build/endoscope --target install
[5.031s] Level 1:colcon.colcon_core.environment:create_environment_scripts_only(endoscope)
[5.032s] DEBUG:colcon.colcon_core.event_handler.log_command:Invoked command in '/home/takeyama/workspace/ros2_eyeexplorer/build/endoscope' returned '0': CMAKE_PREFIX_PATH=${CMAKE_PREFIX_PATH}:/home/takeyama/workspace/ros2_ws/install/ros2bag:/home/takeyama/workspace/ros2_ws/install/topic_monitor:/home/takeyama/workspace/ros2_ws/install/sros2:/home/takeyama/workspace/ros2_ws/install/rqt:/home/takeyama/workspace/ros2_ws/install/rqt_graph:/home/takeyama/workspace/ros2_ws/install/rqt_gui_py:/home/takeyama/workspace/ros2_ws/install/rqt_gui:/home/takeyama/workspace/ros2_ws/install/ros2topic:/home/takeyama/workspace/ros2_ws/install/ros2test:/home/takeyama/workspace/ros2_ws/install/ros2component:/home/takeyama/workspace/ros2_ws/install/ros2param:/home/takeyama/workspace/ros2_ws/install/ros2lifecycle:/home/takeyama/workspace/ros2_ws/install/ros2service:/home/takeyama/workspace/ros2_ws/install/ros2srv:/home/takeyama/workspace/ros2_ws/install/ros2run:/home/takeyama/workspace/ros2_ws/install/ros2launch:/home/takeyama/workspace/ros2_ws/install/ros2pkg:/home/takeyama/workspace/ros2_ws/install/ros2node:/home/takeyama/workspace/ros2_ws/install/ros2multicast:/home/takeyama/workspace/ros2_ws/install/ros2msg:/home/takeyama/workspace/ros2_ws/install/ros2action:/home/takeyama/workspace/ros2_ws/install/ros2cli:/home/takeyama/workspace/ros2_ws/install/quality_of_service_demo_py:/home/takeyama/workspace/ros2_ws/install/launch_testing_ros:/home/takeyama/workspace/ros2_ws/install/launch_ros:/home/takeyama/workspace/ros2_ws/install/examples_rclpy_minimal_subscriber:/home/takeyama/workspace/ros2_ws/install/examples_rclpy_minimal_service:/home/takeyama/workspace/ros2_ws/install/examples_rclpy_minimal_publisher:/home/takeyama/workspace/ros2_ws/install/examples_rclpy_minimal_client:/home/takeyama/workspace/ros2_ws/install/examples_rclpy_minimal_action_server:/home/takeyama/workspace/ros2_ws/install/examples_rclpy_minimal_action_client:/home/takeyama/workspace/ros2_ws/install/examples_rclpy_executors:/home/takeyama/workspace/ros2_ws/install/demo_nodes_py:/home/takeyama/workspace/ros2_ws/install/ament_uncrustify:/home/takeyama/workspace/ros2_ws/install/test_launch_ros:/home/takeyama/workspace/ros2_ws/install/rosidl_runtime_py:/home/takeyama/workspace/ros2_ws/install/launch_testing:/home/takeyama/workspace/ros2_ws/install/launch:/home/takeyama/workspace/ros2_ws/install/osrf_pycommon:/home/takeyama/workspace/ros2_ws/install/ament_xmllint:/home/takeyama/workspace/ros2_ws/install/ament_pyflakes:/home/takeyama/workspace/ros2_ws/install/ament_pep8:/home/takeyama/workspace/ros2_ws/install/ament_pep257:/home/takeyama/workspace/ros2_ws/install/ament_pclint:/home/takeyama/workspace/ros2_ws/install/ament_package:/home/takeyama/workspace/ros2_ws/install/ament_lint_cmake:/home/takeyama/workspace/ros2_ws/install/ament_flake8:/home/takeyama/workspace/ros2_ws/install/ament_copyright:/home/takeyama/workspace/ros2_ws/install/ament_lint:/home/takeyama/workspace/ros2_ws/install/ament_index_python:/home/takeyama/workspace/ros2_ws/install/ament_cpplint:/home/takeyama/workspace/ros2_ws/install/ament_cppcheck:/home/takeyama/workspace/ros2_ws/install/ament_clang_tidy:/home/takeyama/workspace/ros2_ws/install/ament_clang_format:/opt/ros/dashing /usr/bin/cmake --build /home/takeyama/workspace/ros2_eyeexplorer/build/endoscope --target install
[5.051s] Level 1:colcon.colcon_core.environment:checking '/home/takeyama/workspace/ros2_eyeexplorer/install/endoscope' for CMake module files
[5.051s] Level 1:colcon.colcon_core.environment:checking '/home/takeyama/workspace/ros2_eyeexplorer/install/endoscope' for CMake config files
[5.052s] Level 1:colcon.colcon_core.shell:create_environment_hook('endoscope', 'cmake_prefix_path')
[5.052s] INFO:colcon.colcon_core.shell:Creating environment hook '/home/takeyama/workspace/ros2_eyeexplorer/install/endoscope/share/endoscope/hook/cmake_prefix_path.ps1'
[5.053s] INFO:colcon.colcon_core.shell:Creating environment descriptor '/home/takeyama/workspace/ros2_eyeexplorer/install/endoscope/share/endoscope/hook/cmake_prefix_path.dsv'
[5.054s] INFO:colcon.colcon_core.shell:Creating environment hook '/home/takeyama/workspace/ros2_eyeexplorer/install/endoscope/share/endoscope/hook/cmake_prefix_path.sh'
[5.058s] Level 1:colcon.colcon_core.environment:checking '/home/takeyama/workspace/ros2_eyeexplorer/install/endoscope/lib'
[5.058s] Level 1:colcon.colcon_core.environment:checking '/home/takeyama/workspace/ros2_eyeexplorer/install/endoscope/bin'
[5.059s] Level 1:colcon.colcon_core.environment:checking '/home/takeyama/workspace/ros2_eyeexplorer/install/endoscope/lib/pkgconfig/endoscope.pc'
[5.059s] Level 1:colcon.colcon_core.environment:checking '/home/takeyama/workspace/ros2_eyeexplorer/install/endoscope/lib/python3.6/site-packages'
[5.060s] INFO:colcon.colcon_core.shell:Creating package script '/home/takeyama/workspace/ros2_eyeexplorer/install/endoscope/share/endoscope/package.ps1'
[5.062s] INFO:colcon.colcon_core.shell:Creating package descriptor '/home/takeyama/workspace/ros2_eyeexplorer/install/endoscope/share/endoscope/package.dsv'
[5.063s] INFO:colcon.colcon_core.shell:Creating package script '/home/takeyama/workspace/ros2_eyeexplorer/install/endoscope/share/endoscope/package.sh'
[5.064s] INFO:colcon.colcon_core.shell:Creating package script '/home/takeyama/workspace/ros2_eyeexplorer/install/endoscope/share/endoscope/package.bash'
[5.066s] INFO:colcon.colcon_core.shell:Creating package script '/home/takeyama/workspace/ros2_eyeexplorer/install/endoscope/share/endoscope/package.zsh'
[5.067s] Level 1:colcon.colcon_core.environment:create_file_with_runtime_dependencies(/home/takeyama/workspace/ros2_eyeexplorer/install/endoscope/share/colcon-core/packages/endoscope)
[5.068s] DEBUG:colcon.colcon_parallel_executor.executor.parallel:closing loop
[5.068s] DEBUG:colcon.colcon_parallel_executor.executor.parallel:loop closed
[5.068s] DEBUG:colcon.colcon_parallel_executor.executor.parallel:run_until_complete finished with '0'
[5.068s] DEBUG:colcon.colcon_core.event_reactor:joining thread
[5.083s] INFO:colcon.colcon_core.plugin_system:Skipping extension 'colcon_notification.desktop_notification.terminal_notifier': Not used on non-Darwin systems
[5.083s] INFO:colcon.colcon_core.plugin_system:Skipping extension 'colcon_notification.desktop_notification.win32': Not used on non-Windows systems
[5.083s] INFO:colcon.colcon_notification.desktop_notification:Sending desktop notification using 'notify2'
[5.086s] DEBUG:colcon.colcon_core.event_reactor:joined thread
[5.087s] INFO:colcon.colcon_core.shell:Creating prefix script '/home/takeyama/workspace/ros2_eyeexplorer/install/local_setup.ps1'
[5.090s] INFO:colcon.colcon_core.shell:Creating prefix chain script '/home/takeyama/workspace/ros2_eyeexplorer/install/setup.ps1'
[5.108s] INFO:colcon.colcon_core.shell:Creating prefix script '/home/takeyama/workspace/ros2_eyeexplorer/install/local_setup.sh'
[5.109s] INFO:colcon.colcon_core.shell:Creating prefix util module '/home/takeyama/workspace/ros2_eyeexplorer/install/_local_setup_util_sh.py'
[5.112s] INFO:colcon.colcon_core.shell:Creating prefix chain script '/home/takeyama/workspace/ros2_eyeexplorer/install/setup.sh'
[5.129s] INFO:colcon.colcon_core.shell:Creating prefix script '/home/takeyama/workspace/ros2_eyeexplorer/install/local_setup.bash'
[5.130s] INFO:colcon.colcon_core.shell:Creating prefix chain script '/home/takeyama/workspace/ros2_eyeexplorer/install/setup.bash'
[5.146s] INFO:colcon.colcon_core.shell:Creating prefix script '/home/takeyama/workspace/ros2_eyeexplorer/install/local_setup.zsh'
[5.147s] INFO:colcon.colcon_core.shell:Creating prefix chain script '/home/takeyama/workspace/ros2_eyeexplorer/install/setup.zsh'
