Determining if the pthread_create exist failed with the following output:
Change Dir: /home/takeyama/workspace/ros2_eyeexplorer/build/endoscope/CMakeFiles/CMakeTmp

Run Build Command:"/usr/bin/make" "cmTC_cf247/fast"
make[1]: ディレクトリ '/home/takeyama/workspace/ros2_eyeexplorer/build/endoscope/CMakeFiles/CMakeTmp' に入ります
/usr/bin/make -f CMakeFiles/cmTC_cf247.dir/build.make CMakeFiles/cmTC_cf247.dir/build
make[2]: ディレクトリ '/home/takeyama/workspace/ros2_eyeexplorer/build/endoscope/CMakeFiles/CMakeTmp' に入ります
Building C object CMakeFiles/cmTC_cf247.dir/CheckSymbolExists.c.o
/usr/bin/cc    -o CMakeFiles/cmTC_cf247.dir/CheckSymbolExists.c.o   -c /home/takeyama/workspace/ros2_eyeexplorer/build/endoscope/CMakeFiles/CMakeTmp/CheckSymbolExists.c
Linking C executable cmTC_cf247
/usr/bin/cmake -E cmake_link_script CMakeFiles/cmTC_cf247.dir/link.txt --verbose=1
/usr/bin/cc      CMakeFiles/cmTC_cf247.dir/CheckSymbolExists.c.o  -o cmTC_cf247 
CMakeFiles/cmTC_cf247.dir/CheckSymbolExists.c.o: 関数 `main' 内:
CheckSymbolExists.c:(.text+0x1b): `pthread_create' に対する定義されていない参照です
collect2: error: ld returned 1 exit status
CMakeFiles/cmTC_cf247.dir/build.make:97: recipe for target 'cmTC_cf247' failed
make[2]: *** [cmTC_cf247] Error 1
make[2]: ディレクトリ '/home/takeyama/workspace/ros2_eyeexplorer/build/endoscope/CMakeFiles/CMakeTmp' から出ます
Makefile:126: recipe for target 'cmTC_cf247/fast' failed
make[1]: *** [cmTC_cf247/fast] Error 2
make[1]: ディレクトリ '/home/takeyama/workspace/ros2_eyeexplorer/build/endoscope/CMakeFiles/CMakeTmp' から出ます

File /home/takeyama/workspace/ros2_eyeexplorer/build/endoscope/CMakeFiles/CMakeTmp/CheckSymbolExists.c:
/* */
#include <pthread.h>

int main(int argc, char** argv)
{
  (void)argv;
#ifndef pthread_create
  return ((int*)(&pthread_create))[argc];
#else
  (void)argc;
  return 0;
#endif
}

Determining if the function pthread_create exists in the pthreads failed with the following output:
Change Dir: /home/takeyama/workspace/ros2_eyeexplorer/build/endoscope/CMakeFiles/CMakeTmp

Run Build Command:"/usr/bin/make" "cmTC_7fd33/fast"
make[1]: ディレクトリ '/home/takeyama/workspace/ros2_eyeexplorer/build/endoscope/CMakeFiles/CMakeTmp' に入ります
/usr/bin/make -f CMakeFiles/cmTC_7fd33.dir/build.make CMakeFiles/cmTC_7fd33.dir/build
make[2]: ディレクトリ '/home/takeyama/workspace/ros2_eyeexplorer/build/endoscope/CMakeFiles/CMakeTmp' に入ります
Building C object CMakeFiles/cmTC_7fd33.dir/CheckFunctionExists.c.o
/usr/bin/cc   -DCHECK_FUNCTION_EXISTS=pthread_create   -o CMakeFiles/cmTC_7fd33.dir/CheckFunctionExists.c.o   -c /usr/share/cmake-3.10/Modules/CheckFunctionExists.c
Linking C executable cmTC_7fd33
/usr/bin/cmake -E cmake_link_script CMakeFiles/cmTC_7fd33.dir/link.txt --verbose=1
/usr/bin/cc  -DCHECK_FUNCTION_EXISTS=pthread_create    CMakeFiles/cmTC_7fd33.dir/CheckFunctionExists.c.o  -o cmTC_7fd33 -lpthreads 
/usr/bin/ld: -lpthreads が見つかりません
collect2: error: ld returned 1 exit status
CMakeFiles/cmTC_7fd33.dir/build.make:97: recipe for target 'cmTC_7fd33' failed
make[2]: *** [cmTC_7fd33] Error 1
make[2]: ディレクトリ '/home/takeyama/workspace/ros2_eyeexplorer/build/endoscope/CMakeFiles/CMakeTmp' から出ます
Makefile:126: recipe for target 'cmTC_7fd33/fast' failed
make[1]: *** [cmTC_7fd33/fast] Error 2
make[1]: ディレクトリ '/home/takeyama/workspace/ros2_eyeexplorer/build/endoscope/CMakeFiles/CMakeTmp' から出ます


