-- The C compiler identification is GNU 7.4.0
-- The CXX compiler identification is GNU 7.4.0
-- Check for working C compiler: /usr/bin/cc
-- Check for working C compiler: /usr/bin/cc -- works
-- Detecting C compiler ABI info
-- Detecting C compiler ABI info - done
-- Detecting C compile features
-- Detecting C compile features - done
-- Check for working CXX compiler: /usr/bin/c++
-- Check for working CXX compiler: /usr/bin/c++ -- works
-- Detecting CXX compiler ABI info
-- Detecting CXX compiler ABI info - done
-- Detecting CXX compile features
-- Detecting CXX compile features - done
-- Found ament_cmake: 0.7.3 (/home/takeyama/workspace/ros2_ws/install/ament_cmake/share/ament_cmake/cmake)
-- Found PythonInterp: /usr/bin/python3 (found suitable version "3.6.8", minimum required is "3") 
-- Using PYTHON_EXECUTABLE: /usr/bin/python3
-- Override CMake install command with custom implementation using symlinks instead of copying resources
-- Found rclcpp: 0.7.10 (/home/takeyama/workspace/ros2_ws/install/rclcpp/share/rclcpp/cmake)
-- Found rosidl_adapter: 0.7.6 (/home/takeyama/workspace/ros2_ws/install/rosidl_adapter/share/rosidl_adapter/cmake)
-- Found rmw_implementation_cmake: 0.7.2 (/home/takeyama/workspace/ros2_ws/install/rmw_implementation_cmake/share/rmw_implementation_cmake/cmake)
-- Looking for pthread.h
-- Looking for pthread.h - found
-- Looking for pthread_create
-- Looking for pthread_create - not found
-- Looking for pthread_create in pthreads
-- Looking for pthread_create in pthreads - not found
-- Looking for pthread_create in pthread
-- Looking for pthread_create in pthread - found
-- Found Threads: TRUE  
-- Found std_msgs: 0.7.0 (/home/takeyama/workspace/ros2_ws/install/std_msgs/share/std_msgs/cmake)
-- Found sensor_msgs: 0.7.0 (/home/takeyama/workspace/ros2_ws/install/sensor_msgs/share/sensor_msgs/cmake)
-- Found tf2_msgs: 0.11.5 (/home/takeyama/workspace/ros2_ws/install/tf2_msgs/share/tf2_msgs/cmake)
-- Found tf2_geometry_msgs: 0.11.5 (/home/takeyama/workspace/ros2_ws/install/tf2_geometry_msgs/share/tf2_geometry_msgs/cmake)
-- Found ament_lint_auto: 0.7.10 (/home/takeyama/workspace/ros2_ws/install/ament_lint_auto/share/ament_lint_auto/cmake)
-- Configuring done
-- Generating done
-- Build files have been written to: /home/takeyama/workspace/ros2_eyeexplorer/src/build/arm_status
[35m[1mScanning dependencies of target forward_kinematics[0m
[35m[1mScanning dependencies of target position_compensation[0m
[ 12%] [32mBuilding CXX object CMakeFiles/position_compensation.dir/src/encoder.cpp.o[0m
[ 25%] [32mBuilding CXX object CMakeFiles/position_compensation.dir/src/position_compensation.cpp.o[0m
[ 37%] [32mBuilding CXX object CMakeFiles/forward_kinematics.dir/src/encoder.cpp.o[0m
[ 50%] [32mBuilding CXX object CMakeFiles/forward_kinematics.dir/src/arm.cpp.o[0m
[ 62%] [32mBuilding CXX object CMakeFiles/position_compensation.dir/src/arm.cpp.o[0m
[ 75%] [32mBuilding CXX object CMakeFiles/forward_kinematics.dir/src/forward_kinematics.cpp.o[0m
