-- The C compiler identification is GNU 7.4.0
-- The CXX compiler identification is GNU 7.4.0
-- Check for working C compiler: /usr/bin/cc
-- Check for working C compiler: /usr/bin/cc -- works
-- Detecting C compiler ABI info
-- Detecting C compiler ABI info - done
-- Detecting C compile features
-- Detecting C compile features - done
-- Check for working CXX compiler: /usr/bin/c++
-- Check for working CXX compiler: /usr/bin/c++ -- works
-- Detecting CXX compiler ABI info
-- Detecting CXX compiler ABI info - done
-- Detecting CXX compile features
-- Detecting CXX compile features - done
-- Found ament_cmake: 0.7.3 (/home/takeyama/workspace/ros2_ws/install/ament_cmake/share/ament_cmake/cmake)
-- Found PythonInterp: /usr/bin/python3 (found suitable version "3.6.8", minimum required is "3") 
-- Using PYTHON_EXECUTABLE: /usr/bin/python3
-- Override CMake install command with custom implementation using symlinks instead of copying resources
-- Found ament_lint_auto: 0.7.10 (/home/takeyama/workspace/ros2_ws/install/ament_lint_auto/share/ament_lint_auto/cmake)
-- Added test 'lint_cmake' to check CMake code style
-- Added test 'xmllint' to check XML markup files
-- Configuring done
-- Generating done
-- Build files have been written to: /home/takeyama/workspace/ros2_eyeexplorer/build/endoscope
[36mInstall the project...[0m
-- Install configuration: ""
-- Execute custom install script
-- Symlinking: /home/takeyama/workspace/ros2_eyeexplorer/install/endoscope/share/ament_index/resource_index/package_run_dependencies/endoscope
-- Symlinking: /home/takeyama/workspace/ros2_eyeexplorer/install/endoscope/share/ament_index/resource_index/parent_prefix_path/endoscope
-- Symlinking: /home/takeyama/workspace/ros2_eyeexplorer/install/endoscope/share/endoscope/environment/ament_prefix_path.sh
-- Symlinking: /home/takeyama/workspace/ros2_eyeexplorer/install/endoscope/share/endoscope/environment/path.sh
-- Symlinking: /home/takeyama/workspace/ros2_eyeexplorer/install/endoscope/share/endoscope/local_setup.bash
-- Symlinking: /home/takeyama/workspace/ros2_eyeexplorer/install/endoscope/share/endoscope/local_setup.sh
-- Symlinking: /home/takeyama/workspace/ros2_eyeexplorer/install/endoscope/share/endoscope/local_setup.zsh
-- Symlinking: /home/takeyama/workspace/ros2_eyeexplorer/install/endoscope/share/ament_index/resource_index/packages/endoscope
-- Symlinking: /home/takeyama/workspace/ros2_eyeexplorer/install/endoscope/share/endoscope/cmake/endoscopeConfig.cmake
-- Symlinking: /home/takeyama/workspace/ros2_eyeexplorer/install/endoscope/share/endoscope/cmake/endoscopeConfig-version.cmake
-- Symlinking: /home/takeyama/workspace/ros2_eyeexplorer/install/endoscope/share/endoscope/package.xml
