-- Found ament_cmake: 0.7.3 (/home/takeyama/workspace/ros2_ws/install/ament_cmake/share/ament_cmake/cmake)
-- Using PYTHON_EXECUTABLE: /usr/bin/python3
-- Override CMake install command with custom implementation using symlinks instead of copying resources
-- Found rclcpp: 0.7.10 (/home/takeyama/workspace/ros2_ws/install/rclcpp/share/rclcpp/cmake)
-- Found rosidl_adapter: 0.7.6 (/home/takeyama/workspace/ros2_ws/install/rosidl_adapter/share/rosidl_adapter/cmake)
-- Found rmw_implementation_cmake: 0.7.2 (/home/takeyama/workspace/ros2_ws/install/rmw_implementation_cmake/share/rmw_implementation_cmake/cmake)
-- Looking for pthread.h
-- Looking for pthread.h - found
-- Looking for pthread_create
-- Looking for pthread_create - not found
-- Looking for pthread_create in pthreads
-- Looking for pthread_create in pthreads - not found
-- Looking for pthread_create in pthread
-- Looking for pthread_create in pthread - found
-- Found Threads: TRUE  
-- Found sensor_msgs: 0.7.0 (/home/takeyama/workspace/ros2_ws/install/sensor_msgs/share/sensor_msgs/cmake)
-- Found OpenCV: /usr/local (found version "4.1.0") 
-- Found ament_lint_auto: 0.7.10 (/home/takeyama/workspace/ros2_ws/install/ament_lint_auto/share/ament_lint_auto/cmake)
-- Found python_cmake_module: 0.7.8 (/home/takeyama/workspace/ros2_ws/install/python_cmake_module/share/python_cmake_module/cmake)
-- Found PythonInterp: /usr/bin/python3 (found suitable version "3.6.8", minimum required is "3.5") 
-- Found PythonLibs: /usr/lib/x86_64-linux-gnu/libpython3.6m.so (found suitable version "3.6.8", minimum required is "3.5") 
-- Using PYTHON_EXECUTABLE: /usr/bin/python3
-- Using PYTHON_INCLUDE_DIRS: /usr/include/python3.6m
-- Using PYTHON_LIBRARIES: /usr/lib/x86_64-linux-gnu/libpython3.6m.so
-- Found PythonExtra: .so  
-- Added test 'copyright' to check for copyright in CMake / C / C++ / Python code
-- Added test 'cppcheck' to perform static code analysis on C / C++ code
-- Configured cppcheck include dirs: 
-- Added test 'cpplint' to check C / C++ code against the Google style
-- Added test 'lint_cmake' to check CMake code style
-- Added test 'uncrustify' to check C / C++ code style
-- Added test 'xmllint' to check XML markup files
-- Configuring done
-- Generating done
-- Build files have been written to: /home/takeyama/workspace/ros2_eyeexplorer/build/endoscope
[35m[1mScanning dependencies of target ROI[0m
[ 50%] [32mBuilding CXX object CMakeFiles/ROI.dir/src/ROI.cpp.o[0m
[100%] [32m[1mLinking CXX executable ROI[0m
[100%] Built target ROI
[100%] Built target ROI
[36mInstall the project...[0m
-- Install configuration: ""
-- Execute custom install script
-- Symlinking: /home/takeyama/workspace/ros2_eyeexplorer/install/endoscope/lib/endoscope/ROI
-- Up-to-date symlink: /home/takeyama/workspace/ros2_eyeexplorer/install/endoscope/share/ament_index/resource_index/package_run_dependencies/endoscope
-- Up-to-date symlink: /home/takeyama/workspace/ros2_eyeexplorer/install/endoscope/share/ament_index/resource_index/parent_prefix_path/endoscope
-- Up-to-date symlink: /home/takeyama/workspace/ros2_eyeexplorer/install/endoscope/share/endoscope/environment/ament_prefix_path.sh
-- Up-to-date symlink: /home/takeyama/workspace/ros2_eyeexplorer/install/endoscope/share/endoscope/environment/path.sh
-- Up-to-date symlink: /home/takeyama/workspace/ros2_eyeexplorer/install/endoscope/share/endoscope/local_setup.bash
-- Up-to-date symlink: /home/takeyama/workspace/ros2_eyeexplorer/install/endoscope/share/endoscope/local_setup.sh
-- Up-to-date symlink: /home/takeyama/workspace/ros2_eyeexplorer/install/endoscope/share/endoscope/local_setup.zsh
-- Up-to-date symlink: /home/takeyama/workspace/ros2_eyeexplorer/install/endoscope/share/ament_index/resource_index/packages/endoscope
-- Up-to-date symlink: /home/takeyama/workspace/ros2_eyeexplorer/install/endoscope/share/endoscope/cmake/endoscopeConfig.cmake
-- Up-to-date symlink: /home/takeyama/workspace/ros2_eyeexplorer/install/endoscope/share/endoscope/cmake/endoscopeConfig-version.cmake
-- Up-to-date symlink: /home/takeyama/workspace/ros2_eyeexplorer/install/endoscope/share/endoscope/package.xml
