Invoking command in '/home/takeyama/workspace/ros2_eyeexplorer/src/build/endoscope': CMAKE_PREFIX_PATH=${CMAKE_PREFIX_PATH}:/home/takeyama/workspace/ros2_ws/install/ros2bag:/home/takeyama/workspace/ros2_ws/install/topic_monitor:/home/takeyama/workspace/ros2_ws/install/sros2:/home/takeyama/workspace/ros2_ws/install/rqt:/home/takeyama/workspace/ros2_ws/install/rqt_graph:/home/takeyama/workspace/ros2_ws/install/rqt_gui_py:/home/takeyama/workspace/ros2_ws/install/rqt_gui:/home/takeyama/workspace/ros2_ws/install/ros2topic:/home/takeyama/workspace/ros2_ws/install/ros2test:/home/takeyama/workspace/ros2_ws/install/ros2component:/home/takeyama/workspace/ros2_ws/install/ros2param:/home/takeyama/workspace/ros2_ws/install/ros2lifecycle:/home/takeyama/workspace/ros2_ws/install/ros2service:/home/takeyama/workspace/ros2_ws/install/ros2srv:/home/takeyama/workspace/ros2_ws/install/ros2run:/home/takeyama/workspace/ros2_ws/install/ros2launch:/home/takeyama/workspace/ros2_ws/install/ros2pkg:/home/takeyama/workspace/ros2_ws/install/ros2node:/home/takeyama/workspace/ros2_ws/install/ros2multicast:/home/takeyama/workspace/ros2_ws/install/ros2msg:/home/takeyama/workspace/ros2_ws/install/ros2action:/home/takeyama/workspace/ros2_ws/install/ros2cli:/home/takeyama/workspace/ros2_ws/install/quality_of_service_demo_py:/home/takeyama/workspace/ros2_ws/install/launch_testing_ros:/home/takeyama/workspace/ros2_ws/install/launch_ros:/home/takeyama/workspace/ros2_ws/install/examples_rclpy_minimal_subscriber:/home/takeyama/workspace/ros2_ws/install/examples_rclpy_minimal_service:/home/takeyama/workspace/ros2_ws/install/examples_rclpy_minimal_publisher:/home/takeyama/workspace/ros2_ws/install/examples_rclpy_minimal_client:/home/takeyama/workspace/ros2_ws/install/examples_rclpy_minimal_action_server:/home/takeyama/workspace/ros2_ws/install/examples_rclpy_minimal_action_client:/home/takeyama/workspace/ros2_ws/install/examples_rclpy_executors:/home/takeyama/workspace/ros2_ws/install/demo_nodes_py:/home/takeyama/workspace/ros2_ws/install/ament_uncrustify:/home/takeyama/workspace/ros2_ws/install/test_launch_ros:/home/takeyama/workspace/ros2_ws/install/rosidl_runtime_py:/home/takeyama/workspace/ros2_ws/install/launch_testing:/home/takeyama/workspace/ros2_ws/install/launch:/home/takeyama/workspace/ros2_ws/install/osrf_pycommon:/home/takeyama/workspace/ros2_ws/install/ament_xmllint:/home/takeyama/workspace/ros2_ws/install/ament_pyflakes:/home/takeyama/workspace/ros2_ws/install/ament_pep8:/home/takeyama/workspace/ros2_ws/install/ament_pep257:/home/takeyama/workspace/ros2_ws/install/ament_pclint:/home/takeyama/workspace/ros2_ws/install/ament_package:/home/takeyama/workspace/ros2_ws/install/ament_lint_cmake:/home/takeyama/workspace/ros2_ws/install/ament_flake8:/home/takeyama/workspace/ros2_ws/install/ament_copyright:/home/takeyama/workspace/ros2_ws/install/ament_lint:/home/takeyama/workspace/ros2_ws/install/ament_index_python:/home/takeyama/workspace/ros2_ws/install/ament_cpplint:/home/takeyama/workspace/ros2_ws/install/ament_cppcheck:/home/takeyama/workspace/ros2_ws/install/ament_clang_tidy:/home/takeyama/workspace/ros2_ws/install/ament_clang_format:/home/takeyama/workspace/ros2_eyeexplorer/install/examples_rclpy_minimal_action_server:/opt/ros/dashing /usr/bin/cmake /home/takeyama/workspace/ros2_eyeexplorer/src/endoscope -DAMENT_CMAKE_SYMLINK_INSTALL=1 -DCMAKE_INSTALL_PREFIX=/home/takeyama/workspace/ros2_eyeexplorer/src/install/endoscope
-- The C compiler identification is GNU 7.4.0
-- The CXX compiler identification is GNU 7.4.0
-- Check for working C compiler: /usr/bin/cc
-- Check for working C compiler: /usr/bin/cc -- works
-- Detecting C compiler ABI info
-- Detecting C compiler ABI info - done
-- Detecting C compile features
-- Detecting C compile features - done
-- Check for working CXX compiler: /usr/bin/c++
-- Check for working CXX compiler: /usr/bin/c++ -- works
-- Detecting CXX compiler ABI info
-- Detecting CXX compiler ABI info - done
-- Detecting CXX compile features
-- Detecting CXX compile features - done
-- Found ament_cmake: 0.7.3 (/home/takeyama/workspace/ros2_ws/install/ament_cmake/share/ament_cmake/cmake)
-- Found PythonInterp: /usr/bin/python3 (found suitable version "3.6.8", minimum required is "3") 
-- Using PYTHON_EXECUTABLE: /usr/bin/python3
-- Override CMake install command with custom implementation using symlinks instead of copying resources
-- Found rclcpp: 0.7.10 (/home/takeyama/workspace/ros2_ws/install/rclcpp/share/rclcpp/cmake)
-- Found rosidl_adapter: 0.7.6 (/home/takeyama/workspace/ros2_ws/install/rosidl_adapter/share/rosidl_adapter/cmake)
-- Found rmw_implementation_cmake: 0.7.2 (/home/takeyama/workspace/ros2_ws/install/rmw_implementation_cmake/share/rmw_implementation_cmake/cmake)
-- Looking for pthread.h
-- Looking for pthread.h - found
-- Looking for pthread_create
-- Looking for pthread_create - not found
-- Looking for pthread_create in pthreads
-- Looking for pthread_create in pthreads - not found
-- Looking for pthread_create in pthread
-- Looking for pthread_create in pthread - found
-- Found Threads: TRUE  
-- Found sensor_msgs: 0.7.0 (/home/takeyama/workspace/ros2_ws/install/sensor_msgs/share/sensor_msgs/cmake)
-- Found message_filters: 3.1.2 (/home/takeyama/workspace/ros2_ws/install/message_filters/share/message_filters/cmake)
-- Found OpenCV: /usr/local (found version "4.1.2") 
-- Found tf2_msgs: 0.11.5 (/home/takeyama/workspace/ros2_ws/install/tf2_msgs/share/tf2_msgs/cmake)
-- Found tf2_geometry_msgs: 0.11.5 (/home/takeyama/workspace/ros2_ws/install/tf2_geometry_msgs/share/tf2_geometry_msgs/cmake)
-- Found pcl_conversions: 2.0.0 (/opt/ros/dashing/share/pcl_conversions/cmake)
-- Boost version: 1.65.1
-- Found the following Boost libraries:
--   system
-- Checking for module 'eigen3'
--   Found eigen3, version 3.3.4
-- Found eigen: /usr/include/eigen3  
-- Boost version: 1.65.1
-- Found the following Boost libraries:
--   system
--   filesystem
--   thread
--   date_time
--   iostreams
--   serialization
--   chrono
--   atomic
--   regex
-- looking for PCL_COMMON
-- Found PCL_COMMON: /usr/lib/x86_64-linux-gnu/libpcl_common.so  
-- Found PCL: /usr/lib/x86_64-linux-gnu/libboost_system.so;/usr/lib/x86_64-linux-gnu/libboost_filesystem.so;/usr/lib/x86_64-linux-gnu/libboost_thread.so;/usr/lib/x86_64-linux-gnu/libboost_date_time.so;/usr/lib/x86_64-linux-gnu/libboost_iostreams.so;/usr/lib/x86_64-linux-gnu/libboost_serialization.so;/usr/lib/x86_64-linux-gnu/libboost_chrono.so;/usr/lib/x86_64-linux-gnu/libboost_atomic.so;/usr/lib/x86_64-linux-gnu/libboost_regex.so;/usr/lib/x86_64-linux-gnu/libpthread.so;optimized;/usr/lib/x86_64-linux-gnu/libpcl_common.so;debug;/usr/lib/x86_64-linux-gnu/libpcl_common.so;/usr/lib/x86_64-linux-gnu/libboost_system.so;/usr/lib/x86_64-linux-gnu/libboost_filesystem.so;/usr/lib/x86_64-linux-gnu/libboost_thread.so;/usr/lib/x86_64-linux-gnu/libboost_date_time.so;/usr/lib/x86_64-linux-gnu/libboost_iostreams.so;/usr/lib/x86_64-linux-gnu/libboost_serialization.so;/usr/lib/x86_64-linux-gnu/libboost_chrono.so;/usr/lib/x86_64-linux-gnu/libboost_atomic.so;/usr/lib/x86_64-linux-gnu/libboost_regex.so;/usr/lib/x86_64-linux-gnu/libpthread.so  
