Determining if the pthread_create exist failed with the following output:
Change Dir: /home/takeyama/workspace/ros2_eyeexplorer/src/build/ts01/CMakeFiles/CMakeTmp

Run Build Command:"/usr/bin/make" "cmTC_40881/fast"
/usr/bin/make -f CMakeFiles/cmTC_40881.dir/build.make CMakeFiles/cmTC_40881.dir/build
make[1]: ディレクトリ '/home/takeyama/workspace/ros2_eyeexplorer/src/build/ts01/CMakeFiles/CMakeTmp' に入ります
Building C object CMakeFiles/cmTC_40881.dir/CheckSymbolExists.c.o
/usr/bin/cc    -o CMakeFiles/cmTC_40881.dir/CheckSymbolExists.c.o   -c /home/takeyama/workspace/ros2_eyeexplorer/src/build/ts01/CMakeFiles/CMakeTmp/CheckSymbolExists.c
Linking C executable cmTC_40881
/usr/bin/cmake -E cmake_link_script CMakeFiles/cmTC_40881.dir/link.txt --verbose=1
/usr/bin/cc      CMakeFiles/cmTC_40881.dir/CheckSymbolExists.c.o  -o cmTC_40881 
CMakeFiles/cmTC_40881.dir/CheckSymbolExists.c.o: 関数 `main' 内:
CheckSymbolExists.c:(.text+0x1b): `pthread_create' に対する定義されていない参照です
collect2: error: ld returned 1 exit status
CMakeFiles/cmTC_40881.dir/build.make:97: recipe for target 'cmTC_40881' failed
make[1]: *** [cmTC_40881] Error 1
make[1]: ディレクトリ '/home/takeyama/workspace/ros2_eyeexplorer/src/build/ts01/CMakeFiles/CMakeTmp' から出ます
Makefile:126: recipe for target 'cmTC_40881/fast' failed
make: *** [cmTC_40881/fast] Error 2

File /home/takeyama/workspace/ros2_eyeexplorer/src/build/ts01/CMakeFiles/CMakeTmp/CheckSymbolExists.c:
/* */
#include <pthread.h>

int main(int argc, char** argv)
{
  (void)argv;
#ifndef pthread_create
  return ((int*)(&pthread_create))[argc];
#else
  (void)argc;
  return 0;
#endif
}

Determining if the function pthread_create exists in the pthreads failed with the following output:
Change Dir: /home/takeyama/workspace/ros2_eyeexplorer/src/build/ts01/CMakeFiles/CMakeTmp

Run Build Command:"/usr/bin/make" "cmTC_8d5fd/fast"
/usr/bin/make -f CMakeFiles/cmTC_8d5fd.dir/build.make CMakeFiles/cmTC_8d5fd.dir/build
make[1]: ディレクトリ '/home/takeyama/workspace/ros2_eyeexplorer/src/build/ts01/CMakeFiles/CMakeTmp' に入ります
Building C object CMakeFiles/cmTC_8d5fd.dir/CheckFunctionExists.c.o
/usr/bin/cc   -DCHECK_FUNCTION_EXISTS=pthread_create   -o CMakeFiles/cmTC_8d5fd.dir/CheckFunctionExists.c.o   -c /usr/share/cmake-3.10/Modules/CheckFunctionExists.c
Linking C executable cmTC_8d5fd
/usr/bin/cmake -E cmake_link_script CMakeFiles/cmTC_8d5fd.dir/link.txt --verbose=1
/usr/bin/cc  -DCHECK_FUNCTION_EXISTS=pthread_create    CMakeFiles/cmTC_8d5fd.dir/CheckFunctionExists.c.o  -o cmTC_8d5fd -lpthreads 
/usr/bin/ld: -lpthreads が見つかりません
collect2: error: ld returned 1 exit status
CMakeFiles/cmTC_8d5fd.dir/build.make:97: recipe for target 'cmTC_8d5fd' failed
make[1]: *** [cmTC_8d5fd] Error 1
make[1]: ディレクトリ '/home/takeyama/workspace/ros2_eyeexplorer/src/build/ts01/CMakeFiles/CMakeTmp' から出ます
Makefile:126: recipe for target 'cmTC_8d5fd/fast' failed
make: *** [cmTC_8d5fd/fast] Error 2


