[0.569s] DEBUG:colcon:Command line arguments: ['/usr/bin/colcon', 'build', '--symlink-install', '--packages-select', 'arm_rviz', 'arm_status', 'map_server', 'endoscope', 'ts01']
[0.569s] DEBUG:colcon:Parsed command line arguments: Namespace(ament_cmake_args=None, base_paths='.', build_base='build', catkin_cmake_args=None, catkin_skip_building_tests=False, cmake_args=None, cmake_clean_cache=False, cmake_clean_first=False, cmake_force_configure=False, cmake_target=None, cmake_target_skip_unavailable=False, continue_on_error=False, event_handlers=None, executor='parallel', ignore_user_meta=False, install_base='install', log_base='log', log_level=None, main=<bound method BuildVerb.main of <colcon_core.verb.build.BuildVerb object at 0x7fb9eb134fd0>>, merge_install=False, metas='./colcon.meta', packages_above=None, packages_above_depth=None, packages_end=None, packages_ignore=None, packages_ignore_regex=None, packages_select=['arm_rviz', 'arm_status', 'map_server', 'endoscope', 'ts01'], packages_select_build_failed=False, packages_select_by_dep=None, packages_select_regex=None, packages_select_test_failures=False, packages_skip=None, packages_skip_build_finished=False, packages_skip_by_dep=None, packages_skip_regex=None, packages_skip_test_passed=False, packages_skip_up_to=None, packages_start=None, packages_up_to=None, parallel_workers=8, paths=None, symlink_install=True, test_result_base=None, verb_extension=<colcon_core.verb.build.BuildVerb object at 0x7fb9eb134fd0>, verb_name='build', verb_parser=<colcon_defaults.argument_parser.defaults.DefaultArgumentsDecorator object at 0x7fb9eb0c1320>)
[0.728s] Level 1:colcon.colcon_core.package_discovery:discover_packages(colcon_meta) check parameters
[0.728s] Level 1:colcon.colcon_core.package_discovery:discover_packages(recursive) check parameters
[0.728s] Level 1:colcon.colcon_core.package_discovery:discover_packages(ignore) check parameters
[0.728s] Level 1:colcon.colcon_core.package_discovery:discover_packages(path) check parameters
[0.728s] Level 1:colcon.colcon_core.package_discovery:discover_packages(recursive) discover
[0.729s] INFO:colcon.colcon_core.package_discovery:Crawling recursively for packages in '/home/takeyama/workspace/ros2_eyeexplorer/src'
[0.729s] Level 1:colcon.colcon_core.package_identification:_identify(/home/takeyama/workspace/ros2_eyeexplorer/src) by extensions ['ignore', 'ignore_ament_install']
[0.729s] Level 1:colcon.colcon_core.package_identification:_identify(/home/takeyama/workspace/ros2_eyeexplorer/src) by extension 'ignore'
[0.729s] Level 1:colcon.colcon_core.package_identification:_identify(/home/takeyama/workspace/ros2_eyeexplorer/src) by extension 'ignore_ament_install'
[0.730s] Level 1:colcon.colcon_core.package_identification:_identify(/home/takeyama/workspace/ros2_eyeexplorer/src) by extensions ['colcon_pkg']
[0.730s] Level 1:colcon.colcon_core.package_identification:_identify(/home/takeyama/workspace/ros2_eyeexplorer/src) by extension 'colcon_pkg'
[0.730s] Level 1:colcon.colcon_core.package_identification:_identify(/home/takeyama/workspace/ros2_eyeexplorer/src) by extensions ['colcon_meta']
[0.730s] Level 1:colcon.colcon_core.package_identification:_identify(/home/takeyama/workspace/ros2_eyeexplorer/src) by extension 'colcon_meta'
[0.730s] Level 1:colcon.colcon_core.package_identification:_identify(/home/takeyama/workspace/ros2_eyeexplorer/src) by extensions ['ros']
[0.730s] Level 1:colcon.colcon_core.package_identification:_identify(/home/takeyama/workspace/ros2_eyeexplorer/src) by extension 'ros'
[0.754s] Level 1:colcon.colcon_core.package_identification:_identify(/home/takeyama/workspace/ros2_eyeexplorer/src) by extensions ['cmake', 'python']
[0.754s] Level 1:colcon.colcon_core.package_identification:_identify(/home/takeyama/workspace/ros2_eyeexplorer/src) by extension 'cmake'
[0.754s] Level 1:colcon.colcon_core.package_identification:_identify(/home/takeyama/workspace/ros2_eyeexplorer/src) by extension 'python'
[0.754s] Level 1:colcon.colcon_core.package_identification:_identify(/home/takeyama/workspace/ros2_eyeexplorer/src) by extensions ['python_setup_py']
[0.754s] Level 1:colcon.colcon_core.package_identification:_identify(/home/takeyama/workspace/ros2_eyeexplorer/src) by extension 'python_setup_py'
[0.755s] Level 1:colcon.colcon_core.package_identification:_identify(/home/takeyama/workspace/ros2_eyeexplorer/src/arm) by extensions ['ignore', 'ignore_ament_install']
[0.755s] Level 1:colcon.colcon_core.package_identification:_identify(/home/takeyama/workspace/ros2_eyeexplorer/src/arm) by extension 'ignore'
[0.755s] Level 1:colcon.colcon_core.package_identification:_identify(/home/takeyama/workspace/ros2_eyeexplorer/src/arm) by extension 'ignore_ament_install'
[0.755s] Level 1:colcon.colcon_core.package_identification:_identify(/home/takeyama/workspace/ros2_eyeexplorer/src/arm) by extensions ['colcon_pkg']
[0.755s] Level 1:colcon.colcon_core.package_identification:_identify(/home/takeyama/workspace/ros2_eyeexplorer/src/arm) by extension 'colcon_pkg'
[0.755s] Level 1:colcon.colcon_core.package_identification:_identify(/home/takeyama/workspace/ros2_eyeexplorer/src/arm) by extensions ['colcon_meta']
[0.756s] Level 1:colcon.colcon_core.package_identification:_identify(/home/takeyama/workspace/ros2_eyeexplorer/src/arm) by extension 'colcon_meta'
[0.756s] Level 1:colcon.colcon_core.package_identification:_identify(/home/takeyama/workspace/ros2_eyeexplorer/src/arm) by extensions ['ros']
[0.757s] Level 1:colcon.colcon_core.package_identification:_identify(/home/takeyama/workspace/ros2_eyeexplorer/src/arm) by extension 'ros'
[0.757s] Level 1:colcon.colcon_core.package_identification:_identify(/home/takeyama/workspace/ros2_eyeexplorer/src/arm) by extensions ['cmake', 'python']
[0.758s] Level 1:colcon.colcon_core.package_identification:_identify(/home/takeyama/workspace/ros2_eyeexplorer/src/arm) by extension 'cmake'
[0.758s] Level 1:colcon.colcon_core.package_identification:_identify(/home/takeyama/workspace/ros2_eyeexplorer/src/arm) by extension 'python'
[0.759s] Level 1:colcon.colcon_core.package_identification:_identify(/home/takeyama/workspace/ros2_eyeexplorer/src/arm) by extensions ['python_setup_py']
[0.759s] Level 1:colcon.colcon_core.package_identification:_identify(/home/takeyama/workspace/ros2_eyeexplorer/src/arm) by extension 'python_setup_py'
[0.759s] Level 1:colcon.colcon_core.package_identification:_identify(/home/takeyama/workspace/ros2_eyeexplorer/src/arm/arm_rviz) by extensions ['ignore', 'ignore_ament_install']
[0.760s] Level 1:colcon.colcon_core.package_identification:_identify(/home/takeyama/workspace/ros2_eyeexplorer/src/arm/arm_rviz) by extension 'ignore'
[0.760s] Level 1:colcon.colcon_core.package_identification:_identify(/home/takeyama/workspace/ros2_eyeexplorer/src/arm/arm_rviz) by extension 'ignore_ament_install'
[0.760s] Level 1:colcon.colcon_core.package_identification:_identify(/home/takeyama/workspace/ros2_eyeexplorer/src/arm/arm_rviz) by extensions ['colcon_pkg']
[0.760s] Level 1:colcon.colcon_core.package_identification:_identify(/home/takeyama/workspace/ros2_eyeexplorer/src/arm/arm_rviz) by extension 'colcon_pkg'
[0.760s] Level 1:colcon.colcon_core.package_identification:_identify(/home/takeyama/workspace/ros2_eyeexplorer/src/arm/arm_rviz) by extensions ['colcon_meta']
[0.760s] Level 1:colcon.colcon_core.package_identification:_identify(/home/takeyama/workspace/ros2_eyeexplorer/src/arm/arm_rviz) by extension 'colcon_meta'
[0.761s] Level 1:colcon.colcon_core.package_identification:_identify(/home/takeyama/workspace/ros2_eyeexplorer/src/arm/arm_rviz) by extensions ['ros']
[0.761s] Level 1:colcon.colcon_core.package_identification:_identify(/home/takeyama/workspace/ros2_eyeexplorer/src/arm/arm_rviz) by extension 'ros'
[0.765s] DEBUG:colcon.colcon_core.package_identification:Package '/home/takeyama/workspace/ros2_eyeexplorer/src/arm/arm_rviz' with type 'ros.ament_cmake' and name 'arm_rviz'
[0.766s] Level 1:colcon.colcon_core.package_identification:_identify(/home/takeyama/workspace/ros2_eyeexplorer/src/arm/arm_status) by extensions ['ignore', 'ignore_ament_install']
[0.766s] Level 1:colcon.colcon_core.package_identification:_identify(/home/takeyama/workspace/ros2_eyeexplorer/src/arm/arm_status) by extension 'ignore'
[0.767s] Level 1:colcon.colcon_core.package_identification:_identify(/home/takeyama/workspace/ros2_eyeexplorer/src/arm/arm_status) by extension 'ignore_ament_install'
[0.767s] Level 1:colcon.colcon_core.package_identification:_identify(/home/takeyama/workspace/ros2_eyeexplorer/src/arm/arm_status) by extensions ['colcon_pkg']
[0.767s] Level 1:colcon.colcon_core.package_identification:_identify(/home/takeyama/workspace/ros2_eyeexplorer/src/arm/arm_status) by extension 'colcon_pkg'
[0.767s] Level 1:colcon.colcon_core.package_identification:_identify(/home/takeyama/workspace/ros2_eyeexplorer/src/arm/arm_status) by extensions ['colcon_meta']
[0.767s] Level 1:colcon.colcon_core.package_identification:_identify(/home/takeyama/workspace/ros2_eyeexplorer/src/arm/arm_status) by extension 'colcon_meta'
[0.767s] Level 1:colcon.colcon_core.package_identification:_identify(/home/takeyama/workspace/ros2_eyeexplorer/src/arm/arm_status) by extensions ['ros']
[0.768s] Level 1:colcon.colcon_core.package_identification:_identify(/home/takeyama/workspace/ros2_eyeexplorer/src/arm/arm_status) by extension 'ros'
[0.769s] DEBUG:colcon.colcon_core.package_identification:Package '/home/takeyama/workspace/ros2_eyeexplorer/src/arm/arm_status' with type 'ros.ament_cmake' and name 'arm_status'
[0.769s] Level 1:colcon.colcon_core.package_identification:_identify(/home/takeyama/workspace/ros2_eyeexplorer/src/arm/map_server) by extensions ['ignore', 'ignore_ament_install']
[0.769s] Level 1:colcon.colcon_core.package_identification:_identify(/home/takeyama/workspace/ros2_eyeexplorer/src/arm/map_server) by extension 'ignore'
[0.769s] Level 1:colcon.colcon_core.package_identification:_identify(/home/takeyama/workspace/ros2_eyeexplorer/src/arm/map_server) by extension 'ignore_ament_install'
[0.769s] Level 1:colcon.colcon_core.package_identification:_identify(/home/takeyama/workspace/ros2_eyeexplorer/src/arm/map_server) by extensions ['colcon_pkg']
[0.770s] Level 1:colcon.colcon_core.package_identification:_identify(/home/takeyama/workspace/ros2_eyeexplorer/src/arm/map_server) by extension 'colcon_pkg'
[0.770s] Level 1:colcon.colcon_core.package_identification:_identify(/home/takeyama/workspace/ros2_eyeexplorer/src/arm/map_server) by extensions ['colcon_meta']
[0.770s] Level 1:colcon.colcon_core.package_identification:_identify(/home/takeyama/workspace/ros2_eyeexplorer/src/arm/map_server) by extension 'colcon_meta'
[0.770s] Level 1:colcon.colcon_core.package_identification:_identify(/home/takeyama/workspace/ros2_eyeexplorer/src/arm/map_server) by extensions ['ros']
[0.770s] Level 1:colcon.colcon_core.package_identification:_identify(/home/takeyama/workspace/ros2_eyeexplorer/src/arm/map_server) by extension 'ros'
[0.771s] DEBUG:colcon.colcon_core.package_identification:Package '/home/takeyama/workspace/ros2_eyeexplorer/src/arm/map_server' with type 'ros.ament_cmake' and name 'map_server'
[0.771s] Level 1:colcon.colcon_core.package_identification:_identify(/home/takeyama/workspace/ros2_eyeexplorer/src/build) by extensions ['ignore', 'ignore_ament_install']
[0.771s] Level 1:colcon.colcon_core.package_identification:_identify(/home/takeyama/workspace/ros2_eyeexplorer/src/build) by extension 'ignore'
[0.772s] Level 1:colcon.colcon_core.package_identification:_identify(/home/takeyama/workspace/ros2_eyeexplorer/src/build) ignored
[0.773s] Level 1:colcon.colcon_core.package_identification:_identify(/home/takeyama/workspace/ros2_eyeexplorer/src/endoscope) by extensions ['ignore', 'ignore_ament_install']
[0.774s] Level 1:colcon.colcon_core.package_identification:_identify(/home/takeyama/workspace/ros2_eyeexplorer/src/endoscope) by extension 'ignore'
[0.774s] Level 1:colcon.colcon_core.package_identification:_identify(/home/takeyama/workspace/ros2_eyeexplorer/src/endoscope) by extension 'ignore_ament_install'
[0.774s] Level 1:colcon.colcon_core.package_identification:_identify(/home/takeyama/workspace/ros2_eyeexplorer/src/endoscope) by extensions ['colcon_pkg']
[0.775s] Level 1:colcon.colcon_core.package_identification:_identify(/home/takeyama/workspace/ros2_eyeexplorer/src/endoscope) by extension 'colcon_pkg'
[0.775s] Level 1:colcon.colcon_core.package_identification:_identify(/home/takeyama/workspace/ros2_eyeexplorer/src/endoscope) by extensions ['colcon_meta']
[0.775s] Level 1:colcon.colcon_core.package_identification:_identify(/home/takeyama/workspace/ros2_eyeexplorer/src/endoscope) by extension 'colcon_meta'
[0.775s] Level 1:colcon.colcon_core.package_identification:_identify(/home/takeyama/workspace/ros2_eyeexplorer/src/endoscope) by extensions ['ros']
[0.776s] Level 1:colcon.colcon_core.package_identification:_identify(/home/takeyama/workspace/ros2_eyeexplorer/src/endoscope) by extension 'ros'
[0.777s] DEBUG:colcon.colcon_core.package_identification:Package '/home/takeyama/workspace/ros2_eyeexplorer/src/endoscope' with type 'ros.ament_cmake' and name 'endoscope'
[0.778s] Level 1:colcon.colcon_core.package_identification:_identify(/home/takeyama/workspace/ros2_eyeexplorer/src/install) by extensions ['ignore', 'ignore_ament_install']
[0.778s] Level 1:colcon.colcon_core.package_identification:_identify(/home/takeyama/workspace/ros2_eyeexplorer/src/install) by extension 'ignore'
[0.778s] Level 1:colcon.colcon_core.package_identification:_identify(/home/takeyama/workspace/ros2_eyeexplorer/src/install) ignored
[0.778s] Level 1:colcon.colcon_core.package_identification:_identify(/home/takeyama/workspace/ros2_eyeexplorer/src/log) by extensions ['ignore', 'ignore_ament_install']
[0.778s] Level 1:colcon.colcon_core.package_identification:_identify(/home/takeyama/workspace/ros2_eyeexplorer/src/log) by extension 'ignore'
[0.778s] Level 1:colcon.colcon_core.package_identification:_identify(/home/takeyama/workspace/ros2_eyeexplorer/src/log) ignored
[0.779s] Level 1:colcon.colcon_core.package_identification:_identify(/home/takeyama/workspace/ros2_eyeexplorer/src/my_message) by extensions ['ignore', 'ignore_ament_install']
[0.779s] Level 1:colcon.colcon_core.package_identification:_identify(/home/takeyama/workspace/ros2_eyeexplorer/src/my_message) by extension 'ignore'
[0.779s] Level 1:colcon.colcon_core.package_identification:_identify(/home/takeyama/workspace/ros2_eyeexplorer/src/my_message) by extension 'ignore_ament_install'
[0.779s] Level 1:colcon.colcon_core.package_identification:_identify(/home/takeyama/workspace/ros2_eyeexplorer/src/my_message) by extensions ['colcon_pkg']
[0.779s] Level 1:colcon.colcon_core.package_identification:_identify(/home/takeyama/workspace/ros2_eyeexplorer/src/my_message) by extension 'colcon_pkg'
[0.779s] Level 1:colcon.colcon_core.package_identification:_identify(/home/takeyama/workspace/ros2_eyeexplorer/src/my_message) by extensions ['colcon_meta']
[0.780s] Level 1:colcon.colcon_core.package_identification:_identify(/home/takeyama/workspace/ros2_eyeexplorer/src/my_message) by extension 'colcon_meta'
[0.780s] Level 1:colcon.colcon_core.package_identification:_identify(/home/takeyama/workspace/ros2_eyeexplorer/src/my_message) by extensions ['ros']
[0.780s] Level 1:colcon.colcon_core.package_identification:_identify(/home/takeyama/workspace/ros2_eyeexplorer/src/my_message) by extension 'ros'
[0.781s] DEBUG:colcon.colcon_core.package_identification:Package '/home/takeyama/workspace/ros2_eyeexplorer/src/my_message' with type 'ros.ament_cmake' and name 'my_message'
[0.781s] Level 1:colcon.colcon_core.package_identification:_identify(/home/takeyama/workspace/ros2_eyeexplorer/src/realtime_test) by extensions ['ignore', 'ignore_ament_install']
[0.782s] Level 1:colcon.colcon_core.package_identification:_identify(/home/takeyama/workspace/ros2_eyeexplorer/src/realtime_test) by extension 'ignore'
[0.782s] Level 1:colcon.colcon_core.package_identification:_identify(/home/takeyama/workspace/ros2_eyeexplorer/src/realtime_test) by extension 'ignore_ament_install'
[0.782s] Level 1:colcon.colcon_core.package_identification:_identify(/home/takeyama/workspace/ros2_eyeexplorer/src/realtime_test) by extensions ['colcon_pkg']
[0.782s] Level 1:colcon.colcon_core.package_identification:_identify(/home/takeyama/workspace/ros2_eyeexplorer/src/realtime_test) by extension 'colcon_pkg'
[0.782s] Level 1:colcon.colcon_core.package_identification:_identify(/home/takeyama/workspace/ros2_eyeexplorer/src/realtime_test) by extensions ['colcon_meta']
[0.782s] Level 1:colcon.colcon_core.package_identification:_identify(/home/takeyama/workspace/ros2_eyeexplorer/src/realtime_test) by extension 'colcon_meta'
[0.782s] Level 1:colcon.colcon_core.package_identification:_identify(/home/takeyama/workspace/ros2_eyeexplorer/src/realtime_test) by extensions ['ros']
[0.783s] Level 1:colcon.colcon_core.package_identification:_identify(/home/takeyama/workspace/ros2_eyeexplorer/src/realtime_test) by extension 'ros'
[0.784s] DEBUG:colcon.colcon_core.package_identification:Package '/home/takeyama/workspace/ros2_eyeexplorer/src/realtime_test' with type 'ros.ament_cmake' and name 'realtime_test'
[0.785s] Level 1:colcon.colcon_core.package_identification:_identify(/home/takeyama/workspace/ros2_eyeexplorer/src/test) by extensions ['ignore', 'ignore_ament_install']
[0.785s] Level 1:colcon.colcon_core.package_identification:_identify(/home/takeyama/workspace/ros2_eyeexplorer/src/test) by extension 'ignore'
[0.785s] Level 1:colcon.colcon_core.package_identification:_identify(/home/takeyama/workspace/ros2_eyeexplorer/src/test) by extension 'ignore_ament_install'
[0.785s] Level 1:colcon.colcon_core.package_identification:_identify(/home/takeyama/workspace/ros2_eyeexplorer/src/test) by extensions ['colcon_pkg']
[0.786s] Level 1:colcon.colcon_core.package_identification:_identify(/home/takeyama/workspace/ros2_eyeexplorer/src/test) by extension 'colcon_pkg'
[0.786s] Level 1:colcon.colcon_core.package_identification:_identify(/home/takeyama/workspace/ros2_eyeexplorer/src/test) by extensions ['colcon_meta']
[0.786s] Level 1:colcon.colcon_core.package_identification:_identify(/home/takeyama/workspace/ros2_eyeexplorer/src/test) by extension 'colcon_meta'
[0.786s] Level 1:colcon.colcon_core.package_identification:_identify(/home/takeyama/workspace/ros2_eyeexplorer/src/test) by extensions ['ros']
[0.786s] Level 1:colcon.colcon_core.package_identification:_identify(/home/takeyama/workspace/ros2_eyeexplorer/src/test) by extension 'ros'
[0.788s] DEBUG:colcon.colcon_core.package_identification:Package '/home/takeyama/workspace/ros2_eyeexplorer/src/test' with type 'ros.ament_cmake' and name 'test'
[0.791s] Level 1:colcon.colcon_core.package_identification:_identify(/home/takeyama/workspace/ros2_eyeexplorer/src/ts01) by extensions ['ignore', 'ignore_ament_install']
[0.791s] Level 1:colcon.colcon_core.package_identification:_identify(/home/takeyama/workspace/ros2_eyeexplorer/src/ts01) by extension 'ignore'
[0.792s] Level 1:colcon.colcon_core.package_identification:_identify(/home/takeyama/workspace/ros2_eyeexplorer/src/ts01) by extension 'ignore_ament_install'
[0.792s] Level 1:colcon.colcon_core.package_identification:_identify(/home/takeyama/workspace/ros2_eyeexplorer/src/ts01) by extensions ['colcon_pkg']
[0.793s] Level 1:colcon.colcon_core.package_identification:_identify(/home/takeyama/workspace/ros2_eyeexplorer/src/ts01) by extension 'colcon_pkg'
[0.793s] Level 1:colcon.colcon_core.package_identification:_identify(/home/takeyama/workspace/ros2_eyeexplorer/src/ts01) by extensions ['colcon_meta']
[0.793s] Level 1:colcon.colcon_core.package_identification:_identify(/home/takeyama/workspace/ros2_eyeexplorer/src/ts01) by extension 'colcon_meta'
[0.793s] Level 1:colcon.colcon_core.package_identification:_identify(/home/takeyama/workspace/ros2_eyeexplorer/src/ts01) by extensions ['ros']
[0.793s] Level 1:colcon.colcon_core.package_identification:_identify(/home/takeyama/workspace/ros2_eyeexplorer/src/ts01) by extension 'ros'
[0.796s] DEBUG:colcon.colcon_core.package_identification:Package '/home/takeyama/workspace/ros2_eyeexplorer/src/ts01' with type 'ros.ament_cmake' and name 'ts01'
[0.796s] Level 1:colcon.colcon_core.package_discovery:discover_packages(recursive) using defaults
[0.803s] Level 1:colcon.colcon_core.package_augmentation.check_dependency_constraint:arm_rviz depends on arm_status which has version 0.0.0: constraints {}
[0.803s] Level 1:colcon.colcon_core.package_augmentation.check_dependency_constraint:arm_rviz depends on map_server which has version 0.0.0: constraints {}
[0.804s] INFO:colcon.colcon_core.package_selection:Skipping not selected package 'my_message' in '/home/takeyama/workspace/ros2_eyeexplorer/src/my_message'
[0.804s] INFO:colcon.colcon_core.package_selection:Skipping not selected package 'realtime_test' in '/home/takeyama/workspace/ros2_eyeexplorer/src/realtime_test'
[0.804s] INFO:colcon.colcon_core.package_selection:Skipping not selected package 'test' in '/home/takeyama/workspace/ros2_eyeexplorer/src/test'
[0.812s] Level 5:colcon.colcon_core.verb:set package 'arm_status' build argument 'cmake_args' from command line to 'None'
[0.812s] Level 5:colcon.colcon_core.verb:set package 'arm_status' build argument 'cmake_target' from command line to 'None'
[0.812s] Level 5:colcon.colcon_core.verb:set package 'arm_status' build argument 'cmake_target_skip_unavailable' from command line to 'False'
[0.812s] Level 5:colcon.colcon_core.verb:set package 'arm_status' build argument 'cmake_clean_cache' from command line to 'False'
[0.812s] Level 5:colcon.colcon_core.verb:set package 'arm_status' build argument 'cmake_clean_first' from command line to 'False'
[0.812s] Level 5:colcon.colcon_core.verb:set package 'arm_status' build argument 'cmake_force_configure' from command line to 'False'
[0.812s] Level 5:colcon.colcon_core.verb:set package 'arm_status' build argument 'ament_cmake_args' from command line to 'None'
[0.812s] Level 5:colcon.colcon_core.verb:set package 'arm_status' build argument 'catkin_cmake_args' from command line to 'None'
[0.812s] Level 5:colcon.colcon_core.verb:set package 'arm_status' build argument 'catkin_skip_building_tests' from command line to 'False'
[0.812s] DEBUG:colcon.colcon_core.verb:Building package 'arm_status' with the following arguments: {'ament_cmake_args': None, 'build_base': '/home/takeyama/workspace/ros2_eyeexplorer/src/build/arm_status', 'catkin_cmake_args': None, 'catkin_skip_building_tests': False, 'cmake_args': None, 'cmake_clean_cache': False, 'cmake_clean_first': False, 'cmake_force_configure': False, 'cmake_target': None, 'cmake_target_skip_unavailable': False, 'install_base': '/home/takeyama/workspace/ros2_eyeexplorer/src/install/arm_status', 'merge_install': False, 'path': '/home/takeyama/workspace/ros2_eyeexplorer/src/arm/arm_status', 'symlink_install': True, 'test_result_base': None}
[0.821s] Level 5:colcon.colcon_core.verb:set package 'endoscope' build argument 'cmake_args' from command line to 'None'
[0.822s] Level 5:colcon.colcon_core.verb:set package 'endoscope' build argument 'cmake_target' from command line to 'None'
[0.822s] Level 5:colcon.colcon_core.verb:set package 'endoscope' build argument 'cmake_target_skip_unavailable' from command line to 'False'
[0.822s] Level 5:colcon.colcon_core.verb:set package 'endoscope' build argument 'cmake_clean_cache' from command line to 'False'
[0.822s] Level 5:colcon.colcon_core.verb:set package 'endoscope' build argument 'cmake_clean_first' from command line to 'False'
[0.822s] Level 5:colcon.colcon_core.verb:set package 'endoscope' build argument 'cmake_force_configure' from command line to 'False'
[0.822s] Level 5:colcon.colcon_core.verb:set package 'endoscope' build argument 'ament_cmake_args' from command line to 'None'
[0.822s] Level 5:colcon.colcon_core.verb:set package 'endoscope' build argument 'catkin_cmake_args' from command line to 'None'
[0.822s] Level 5:colcon.colcon_core.verb:set package 'endoscope' build argument 'catkin_skip_building_tests' from command line to 'False'
[0.822s] DEBUG:colcon.colcon_core.verb:Building package 'endoscope' with the following arguments: {'ament_cmake_args': None, 'build_base': '/home/takeyama/workspace/ros2_eyeexplorer/src/build/endoscope', 'catkin_cmake_args': None, 'catkin_skip_building_tests': False, 'cmake_args': None, 'cmake_clean_cache': False, 'cmake_clean_first': False, 'cmake_force_configure': False, 'cmake_target': None, 'cmake_target_skip_unavailable': False, 'install_base': '/home/takeyama/workspace/ros2_eyeexplorer/src/install/endoscope', 'merge_install': False, 'path': '/home/takeyama/workspace/ros2_eyeexplorer/src/endoscope', 'symlink_install': True, 'test_result_base': None}
[0.852s] Level 5:colcon.colcon_core.verb:set package 'map_server' build argument 'cmake_args' from command line to 'None'
[0.852s] Level 5:colcon.colcon_core.verb:set package 'map_server' build argument 'cmake_target' from command line to 'None'
[0.852s] Level 5:colcon.colcon_core.verb:set package 'map_server' build argument 'cmake_target_skip_unavailable' from command line to 'False'
[0.852s] Level 5:colcon.colcon_core.verb:set package 'map_server' build argument 'cmake_clean_cache' from command line to 'False'
[0.852s] Level 5:colcon.colcon_core.verb:set package 'map_server' build argument 'cmake_clean_first' from command line to 'False'
[0.852s] Level 5:colcon.colcon_core.verb:set package 'map_server' build argument 'cmake_force_configure' from command line to 'False'
[0.852s] Level 5:colcon.colcon_core.verb:set package 'map_server' build argument 'ament_cmake_args' from command line to 'None'
[0.852s] Level 5:colcon.colcon_core.verb:set package 'map_server' build argument 'catkin_cmake_args' from command line to 'None'
[0.853s] Level 5:colcon.colcon_core.verb:set package 'map_server' build argument 'catkin_skip_building_tests' from command line to 'False'
[0.853s] DEBUG:colcon.colcon_core.verb:Building package 'map_server' with the following arguments: {'ament_cmake_args': None, 'build_base': '/home/takeyama/workspace/ros2_eyeexplorer/src/build/map_server', 'catkin_cmake_args': None, 'catkin_skip_building_tests': False, 'cmake_args': None, 'cmake_clean_cache': False, 'cmake_clean_first': False, 'cmake_force_configure': False, 'cmake_target': None, 'cmake_target_skip_unavailable': False, 'install_base': '/home/takeyama/workspace/ros2_eyeexplorer/src/install/map_server', 'merge_install': False, 'path': '/home/takeyama/workspace/ros2_eyeexplorer/src/arm/map_server', 'symlink_install': True, 'test_result_base': None}
[0.861s] Level 5:colcon.colcon_core.verb:set package 'ts01' build argument 'cmake_args' from command line to 'None'
[0.861s] Level 5:colcon.colcon_core.verb:set package 'ts01' build argument 'cmake_target' from command line to 'None'
[0.861s] Level 5:colcon.colcon_core.verb:set package 'ts01' build argument 'cmake_target_skip_unavailable' from command line to 'False'
[0.862s] Level 5:colcon.colcon_core.verb:set package 'ts01' build argument 'cmake_clean_cache' from command line to 'False'
[0.862s] Level 5:colcon.colcon_core.verb:set package 'ts01' build argument 'cmake_clean_first' from command line to 'False'
[0.862s] Level 5:colcon.colcon_core.verb:set package 'ts01' build argument 'cmake_force_configure' from command line to 'False'
[0.862s] Level 5:colcon.colcon_core.verb:set package 'ts01' build argument 'ament_cmake_args' from command line to 'None'
[0.862s] Level 5:colcon.colcon_core.verb:set package 'ts01' build argument 'catkin_cmake_args' from command line to 'None'
[0.862s] Level 5:colcon.colcon_core.verb:set package 'ts01' build argument 'catkin_skip_building_tests' from command line to 'False'
[0.862s] DEBUG:colcon.colcon_core.verb:Building package 'ts01' with the following arguments: {'ament_cmake_args': None, 'build_base': '/home/takeyama/workspace/ros2_eyeexplorer/src/build/ts01', 'catkin_cmake_args': None, 'catkin_skip_building_tests': False, 'cmake_args': None, 'cmake_clean_cache': False, 'cmake_clean_first': False, 'cmake_force_configure': False, 'cmake_target': None, 'cmake_target_skip_unavailable': False, 'install_base': '/home/takeyama/workspace/ros2_eyeexplorer/src/install/ts01', 'merge_install': False, 'path': '/home/takeyama/workspace/ros2_eyeexplorer/src/ts01', 'symlink_install': True, 'test_result_base': None}
[0.870s] Level 5:colcon.colcon_core.verb:set package 'arm_rviz' build argument 'cmake_args' from command line to 'None'
[0.870s] Level 5:colcon.colcon_core.verb:set package 'arm_rviz' build argument 'cmake_target' from command line to 'None'
[0.870s] Level 5:colcon.colcon_core.verb:set package 'arm_rviz' build argument 'cmake_target_skip_unavailable' from command line to 'False'
[0.870s] Level 5:colcon.colcon_core.verb:set package 'arm_rviz' build argument 'cmake_clean_cache' from command line to 'False'
[0.870s] Level 5:colcon.colcon_core.verb:set package 'arm_rviz' build argument 'cmake_clean_first' from command line to 'False'
[0.870s] Level 5:colcon.colcon_core.verb:set package 'arm_rviz' build argument 'cmake_force_configure' from command line to 'False'
[0.870s] Level 5:colcon.colcon_core.verb:set package 'arm_rviz' build argument 'ament_cmake_args' from command line to 'None'
[0.870s] Level 5:colcon.colcon_core.verb:set package 'arm_rviz' build argument 'catkin_cmake_args' from command line to 'None'
[0.870s] Level 5:colcon.colcon_core.verb:set package 'arm_rviz' build argument 'catkin_skip_building_tests' from command line to 'False'
[0.870s] DEBUG:colcon.colcon_core.verb:Building package 'arm_rviz' with the following arguments: {'ament_cmake_args': None, 'build_base': '/home/takeyama/workspace/ros2_eyeexplorer/src/build/arm_rviz', 'catkin_cmake_args': None, 'catkin_skip_building_tests': False, 'cmake_args': None, 'cmake_clean_cache': False, 'cmake_clean_first': False, 'cmake_force_configure': False, 'cmake_target': None, 'cmake_target_skip_unavailable': False, 'install_base': '/home/takeyama/workspace/ros2_eyeexplorer/src/install/arm_rviz', 'merge_install': False, 'path': '/home/takeyama/workspace/ros2_eyeexplorer/src/arm/arm_rviz', 'symlink_install': True, 'test_result_base': None}
[0.874s] INFO:colcon.colcon_core.executor:Executing jobs using 'parallel' executor
[0.876s] DEBUG:colcon.colcon_parallel_executor.executor.parallel:run_until_complete
[0.877s] INFO:colcon.colcon_ros.task.ament_cmake.build:Building ROS package in '/home/takeyama/workspace/ros2_eyeexplorer/src/arm/arm_status' with build type 'ament_cmake'
[0.920s] INFO:colcon.colcon_core.plugin_system:Skipping extension 'colcon_core.shell.bat': Not used on non-Windows systems
[0.920s] INFO:colcon.colcon_cmake.task.cmake.build:Building CMake package in '/home/takeyama/workspace/ros2_eyeexplorer/src/arm/arm_status'
[0.922s] INFO:colcon.colcon_core.shell:Skip shell extension 'powershell' for command environment: Not usable outside of PowerShell
[0.922s] DEBUG:colcon.colcon_core.shell:Skip shell extension 'dsv' for command environment
[1.175s] DEBUG:colcon.colcon_core.shell:Ignoring prefix path '/opt/ros/dashing'
[1.184s] INFO:colcon.colcon_ros.task.ament_cmake.build:Building ROS package in '/home/takeyama/workspace/ros2_eyeexplorer/src/arm/map_server' with build type 'ament_cmake'
[1.193s] INFO:colcon.colcon_cmake.task.cmake.build:Building CMake package in '/home/takeyama/workspace/ros2_eyeexplorer/src/arm/map_server'
[1.200s] INFO:colcon.colcon_core.shell:Skip shell extension 'powershell' for command environment: Not usable outside of PowerShell
[1.200s] DEBUG:colcon.colcon_core.shell:Skip shell extension 'dsv' for command environment
[1.281s] DEBUG:colcon.colcon_core.shell:Ignoring prefix path '/opt/ros/dashing'
[1.291s] INFO:colcon.colcon_ros.task.ament_cmake.build:Building ROS package in '/home/takeyama/workspace/ros2_eyeexplorer/src/endoscope' with build type 'ament_cmake'
[1.303s] INFO:colcon.colcon_cmake.task.cmake.build:Building CMake package in '/home/takeyama/workspace/ros2_eyeexplorer/src/endoscope'
[1.305s] INFO:colcon.colcon_core.shell:Skip shell extension 'powershell' for command environment: Not usable outside of PowerShell
[1.305s] DEBUG:colcon.colcon_core.shell:Skip shell extension 'dsv' for command environment
[1.423s] DEBUG:colcon.colcon_core.shell:Ignoring prefix path '/opt/ros/dashing'
[1.434s] INFO:colcon.colcon_ros.task.ament_cmake.build:Building ROS package in '/home/takeyama/workspace/ros2_eyeexplorer/src/ts01' with build type 'ament_cmake'
[1.442s] INFO:colcon.colcon_cmake.task.cmake.build:Building CMake package in '/home/takeyama/workspace/ros2_eyeexplorer/src/ts01'
[1.445s] INFO:colcon.colcon_core.shell:Skip shell extension 'powershell' for command environment: Not usable outside of PowerShell
[1.446s] DEBUG:colcon.colcon_core.shell:Skip shell extension 'dsv' for command environment
[1.543s] DEBUG:colcon.colcon_core.shell:Ignoring prefix path '/opt/ros/dashing'
[1.575s] DEBUG:colcon.colcon_core.event_handler.log_command:Invoking command in '/home/takeyama/workspace/ros2_eyeexplorer/src/build/arm_status': CMAKE_PREFIX_PATH=${CMAKE_PREFIX_PATH}:/home/takeyama/workspace/ros2_ws/install/ros2bag:/home/takeyama/workspace/ros2_ws/install/topic_monitor:/home/takeyama/workspace/ros2_ws/install/sros2:/home/takeyama/workspace/ros2_ws/install/rqt:/home/takeyama/workspace/ros2_ws/install/rqt_graph:/home/takeyama/workspace/ros2_ws/install/rqt_gui_py:/home/takeyama/workspace/ros2_ws/install/rqt_gui:/home/takeyama/workspace/ros2_ws/install/ros2topic:/home/takeyama/workspace/ros2_ws/install/ros2test:/home/takeyama/workspace/ros2_ws/install/ros2component:/home/takeyama/workspace/ros2_ws/install/ros2param:/home/takeyama/workspace/ros2_ws/install/ros2lifecycle:/home/takeyama/workspace/ros2_ws/install/ros2service:/home/takeyama/workspace/ros2_ws/install/ros2srv:/home/takeyama/workspace/ros2_ws/install/ros2run:/home/takeyama/workspace/ros2_ws/install/ros2launch:/home/takeyama/workspace/ros2_ws/install/ros2pkg:/home/takeyama/workspace/ros2_ws/install/ros2node:/home/takeyama/workspace/ros2_ws/install/ros2multicast:/home/takeyama/workspace/ros2_ws/install/ros2msg:/home/takeyama/workspace/ros2_ws/install/ros2action:/home/takeyama/workspace/ros2_ws/install/ros2cli:/home/takeyama/workspace/ros2_ws/install/quality_of_service_demo_py:/home/takeyama/workspace/ros2_ws/install/launch_testing_ros:/home/takeyama/workspace/ros2_ws/install/launch_ros:/home/takeyama/workspace/ros2_ws/install/examples_rclpy_minimal_subscriber:/home/takeyama/workspace/ros2_ws/install/examples_rclpy_minimal_service:/home/takeyama/workspace/ros2_ws/install/examples_rclpy_minimal_publisher:/home/takeyama/workspace/ros2_ws/install/examples_rclpy_minimal_client:/home/takeyama/workspace/ros2_ws/install/examples_rclpy_minimal_action_server:/home/takeyama/workspace/ros2_ws/install/examples_rclpy_minimal_action_client:/home/takeyama/workspace/ros2_ws/install/examples_rclpy_executors:/home/takeyama/workspace/ros2_ws/install/demo_nodes_py:/home/takeyama/workspace/ros2_ws/install/ament_uncrustify:/home/takeyama/workspace/ros2_ws/install/test_launch_ros:/home/takeyama/workspace/ros2_ws/install/rosidl_runtime_py:/home/takeyama/workspace/ros2_ws/install/launch_testing:/home/takeyama/workspace/ros2_ws/install/launch:/home/takeyama/workspace/ros2_ws/install/osrf_pycommon:/home/takeyama/workspace/ros2_ws/install/ament_xmllint:/home/takeyama/workspace/ros2_ws/install/ament_pyflakes:/home/takeyama/workspace/ros2_ws/install/ament_pep8:/home/takeyama/workspace/ros2_ws/install/ament_pep257:/home/takeyama/workspace/ros2_ws/install/ament_pclint:/home/takeyama/workspace/ros2_ws/install/ament_package:/home/takeyama/workspace/ros2_ws/install/ament_lint_cmake:/home/takeyama/workspace/ros2_ws/install/ament_flake8:/home/takeyama/workspace/ros2_ws/install/ament_copyright:/home/takeyama/workspace/ros2_ws/install/ament_lint:/home/takeyama/workspace/ros2_ws/install/ament_index_python:/home/takeyama/workspace/ros2_ws/install/ament_cpplint:/home/takeyama/workspace/ros2_ws/install/ament_cppcheck:/home/takeyama/workspace/ros2_ws/install/ament_clang_tidy:/home/takeyama/workspace/ros2_ws/install/ament_clang_format:/home/takeyama/workspace/ros2_eyeexplorer/install/examples_rclpy_minimal_action_server:/opt/ros/dashing /usr/bin/cmake /home/takeyama/workspace/ros2_eyeexplorer/src/arm/arm_status -DAMENT_CMAKE_SYMLINK_INSTALL=1 -DCMAKE_INSTALL_PREFIX=/home/takeyama/workspace/ros2_eyeexplorer/src/install/arm_status
[1.628s] DEBUG:colcon.colcon_core.event_handler.log_command:Invoking command in '/home/takeyama/workspace/ros2_eyeexplorer/src/build/map_server': CMAKE_PREFIX_PATH=${CMAKE_PREFIX_PATH}:/home/takeyama/workspace/ros2_ws/install/ros2bag:/home/takeyama/workspace/ros2_ws/install/topic_monitor:/home/takeyama/workspace/ros2_ws/install/sros2:/home/takeyama/workspace/ros2_ws/install/rqt:/home/takeyama/workspace/ros2_ws/install/rqt_graph:/home/takeyama/workspace/ros2_ws/install/rqt_gui_py:/home/takeyama/workspace/ros2_ws/install/rqt_gui:/home/takeyama/workspace/ros2_ws/install/ros2topic:/home/takeyama/workspace/ros2_ws/install/ros2test:/home/takeyama/workspace/ros2_ws/install/ros2component:/home/takeyama/workspace/ros2_ws/install/ros2param:/home/takeyama/workspace/ros2_ws/install/ros2lifecycle:/home/takeyama/workspace/ros2_ws/install/ros2service:/home/takeyama/workspace/ros2_ws/install/ros2srv:/home/takeyama/workspace/ros2_ws/install/ros2run:/home/takeyama/workspace/ros2_ws/install/ros2launch:/home/takeyama/workspace/ros2_ws/install/ros2pkg:/home/takeyama/workspace/ros2_ws/install/ros2node:/home/takeyama/workspace/ros2_ws/install/ros2multicast:/home/takeyama/workspace/ros2_ws/install/ros2msg:/home/takeyama/workspace/ros2_ws/install/ros2action:/home/takeyama/workspace/ros2_ws/install/ros2cli:/home/takeyama/workspace/ros2_ws/install/quality_of_service_demo_py:/home/takeyama/workspace/ros2_ws/install/launch_testing_ros:/home/takeyama/workspace/ros2_ws/install/launch_ros:/home/takeyama/workspace/ros2_ws/install/examples_rclpy_minimal_subscriber:/home/takeyama/workspace/ros2_ws/install/examples_rclpy_minimal_service:/home/takeyama/workspace/ros2_ws/install/examples_rclpy_minimal_publisher:/home/takeyama/workspace/ros2_ws/install/examples_rclpy_minimal_client:/home/takeyama/workspace/ros2_ws/install/examples_rclpy_minimal_action_server:/home/takeyama/workspace/ros2_ws/install/examples_rclpy_minimal_action_client:/home/takeyama/workspace/ros2_ws/install/examples_rclpy_executors:/home/takeyama/workspace/ros2_ws/install/demo_nodes_py:/home/takeyama/workspace/ros2_ws/install/ament_uncrustify:/home/takeyama/workspace/ros2_ws/install/test_launch_ros:/home/takeyama/workspace/ros2_ws/install/rosidl_runtime_py:/home/takeyama/workspace/ros2_ws/install/launch_testing:/home/takeyama/workspace/ros2_ws/install/launch:/home/takeyama/workspace/ros2_ws/install/osrf_pycommon:/home/takeyama/workspace/ros2_ws/install/ament_xmllint:/home/takeyama/workspace/ros2_ws/install/ament_pyflakes:/home/takeyama/workspace/ros2_ws/install/ament_pep8:/home/takeyama/workspace/ros2_ws/install/ament_pep257:/home/takeyama/workspace/ros2_ws/install/ament_pclint:/home/takeyama/workspace/ros2_ws/install/ament_package:/home/takeyama/workspace/ros2_ws/install/ament_lint_cmake:/home/takeyama/workspace/ros2_ws/install/ament_flake8:/home/takeyama/workspace/ros2_ws/install/ament_copyright:/home/takeyama/workspace/ros2_ws/install/ament_lint:/home/takeyama/workspace/ros2_ws/install/ament_index_python:/home/takeyama/workspace/ros2_ws/install/ament_cpplint:/home/takeyama/workspace/ros2_ws/install/ament_cppcheck:/home/takeyama/workspace/ros2_ws/install/ament_clang_tidy:/home/takeyama/workspace/ros2_ws/install/ament_clang_format:/home/takeyama/workspace/ros2_eyeexplorer/install/examples_rclpy_minimal_action_server:/opt/ros/dashing /usr/bin/cmake /home/takeyama/workspace/ros2_eyeexplorer/src/arm/map_server -DAMENT_CMAKE_SYMLINK_INSTALL=1 -DCMAKE_INSTALL_PREFIX=/home/takeyama/workspace/ros2_eyeexplorer/src/install/map_server
[1.652s] DEBUG:colcon.colcon_core.event_handler.log_command:Invoking command in '/home/takeyama/workspace/ros2_eyeexplorer/src/build/endoscope': CMAKE_PREFIX_PATH=${CMAKE_PREFIX_PATH}:/home/takeyama/workspace/ros2_ws/install/ros2bag:/home/takeyama/workspace/ros2_ws/install/topic_monitor:/home/takeyama/workspace/ros2_ws/install/sros2:/home/takeyama/workspace/ros2_ws/install/rqt:/home/takeyama/workspace/ros2_ws/install/rqt_graph:/home/takeyama/workspace/ros2_ws/install/rqt_gui_py:/home/takeyama/workspace/ros2_ws/install/rqt_gui:/home/takeyama/workspace/ros2_ws/install/ros2topic:/home/takeyama/workspace/ros2_ws/install/ros2test:/home/takeyama/workspace/ros2_ws/install/ros2component:/home/takeyama/workspace/ros2_ws/install/ros2param:/home/takeyama/workspace/ros2_ws/install/ros2lifecycle:/home/takeyama/workspace/ros2_ws/install/ros2service:/home/takeyama/workspace/ros2_ws/install/ros2srv:/home/takeyama/workspace/ros2_ws/install/ros2run:/home/takeyama/workspace/ros2_ws/install/ros2launch:/home/takeyama/workspace/ros2_ws/install/ros2pkg:/home/takeyama/workspace/ros2_ws/install/ros2node:/home/takeyama/workspace/ros2_ws/install/ros2multicast:/home/takeyama/workspace/ros2_ws/install/ros2msg:/home/takeyama/workspace/ros2_ws/install/ros2action:/home/takeyama/workspace/ros2_ws/install/ros2cli:/home/takeyama/workspace/ros2_ws/install/quality_of_service_demo_py:/home/takeyama/workspace/ros2_ws/install/launch_testing_ros:/home/takeyama/workspace/ros2_ws/install/launch_ros:/home/takeyama/workspace/ros2_ws/install/examples_rclpy_minimal_subscriber:/home/takeyama/workspace/ros2_ws/install/examples_rclpy_minimal_service:/home/takeyama/workspace/ros2_ws/install/examples_rclpy_minimal_publisher:/home/takeyama/workspace/ros2_ws/install/examples_rclpy_minimal_client:/home/takeyama/workspace/ros2_ws/install/examples_rclpy_minimal_action_server:/home/takeyama/workspace/ros2_ws/install/examples_rclpy_minimal_action_client:/home/takeyama/workspace/ros2_ws/install/examples_rclpy_executors:/home/takeyama/workspace/ros2_ws/install/demo_nodes_py:/home/takeyama/workspace/ros2_ws/install/ament_uncrustify:/home/takeyama/workspace/ros2_ws/install/test_launch_ros:/home/takeyama/workspace/ros2_ws/install/rosidl_runtime_py:/home/takeyama/workspace/ros2_ws/install/launch_testing:/home/takeyama/workspace/ros2_ws/install/launch:/home/takeyama/workspace/ros2_ws/install/osrf_pycommon:/home/takeyama/workspace/ros2_ws/install/ament_xmllint:/home/takeyama/workspace/ros2_ws/install/ament_pyflakes:/home/takeyama/workspace/ros2_ws/install/ament_pep8:/home/takeyama/workspace/ros2_ws/install/ament_pep257:/home/takeyama/workspace/ros2_ws/install/ament_pclint:/home/takeyama/workspace/ros2_ws/install/ament_package:/home/takeyama/workspace/ros2_ws/install/ament_lint_cmake:/home/takeyama/workspace/ros2_ws/install/ament_flake8:/home/takeyama/workspace/ros2_ws/install/ament_copyright:/home/takeyama/workspace/ros2_ws/install/ament_lint:/home/takeyama/workspace/ros2_ws/install/ament_index_python:/home/takeyama/workspace/ros2_ws/install/ament_cpplint:/home/takeyama/workspace/ros2_ws/install/ament_cppcheck:/home/takeyama/workspace/ros2_ws/install/ament_clang_tidy:/home/takeyama/workspace/ros2_ws/install/ament_clang_format:/home/takeyama/workspace/ros2_eyeexplorer/install/examples_rclpy_minimal_action_server:/opt/ros/dashing /usr/bin/cmake /home/takeyama/workspace/ros2_eyeexplorer/src/endoscope -DAMENT_CMAKE_SYMLINK_INSTALL=1 -DCMAKE_INSTALL_PREFIX=/home/takeyama/workspace/ros2_eyeexplorer/src/install/endoscope
[1.679s] DEBUG:colcon.colcon_core.event_handler.log_command:Invoking command in '/home/takeyama/workspace/ros2_eyeexplorer/src/build/ts01': CMAKE_PREFIX_PATH=${CMAKE_PREFIX_PATH}:/home/takeyama/workspace/ros2_ws/install/ros2bag:/home/takeyama/workspace/ros2_ws/install/topic_monitor:/home/takeyama/workspace/ros2_ws/install/sros2:/home/takeyama/workspace/ros2_ws/install/rqt:/home/takeyama/workspace/ros2_ws/install/rqt_graph:/home/takeyama/workspace/ros2_ws/install/rqt_gui_py:/home/takeyama/workspace/ros2_ws/install/rqt_gui:/home/takeyama/workspace/ros2_ws/install/ros2topic:/home/takeyama/workspace/ros2_ws/install/ros2test:/home/takeyama/workspace/ros2_ws/install/ros2component:/home/takeyama/workspace/ros2_ws/install/ros2param:/home/takeyama/workspace/ros2_ws/install/ros2lifecycle:/home/takeyama/workspace/ros2_ws/install/ros2service:/home/takeyama/workspace/ros2_ws/install/ros2srv:/home/takeyama/workspace/ros2_ws/install/ros2run:/home/takeyama/workspace/ros2_ws/install/ros2launch:/home/takeyama/workspace/ros2_ws/install/ros2pkg:/home/takeyama/workspace/ros2_ws/install/ros2node:/home/takeyama/workspace/ros2_ws/install/ros2multicast:/home/takeyama/workspace/ros2_ws/install/ros2msg:/home/takeyama/workspace/ros2_ws/install/ros2action:/home/takeyama/workspace/ros2_ws/install/ros2cli:/home/takeyama/workspace/ros2_ws/install/quality_of_service_demo_py:/home/takeyama/workspace/ros2_ws/install/launch_testing_ros:/home/takeyama/workspace/ros2_ws/install/launch_ros:/home/takeyama/workspace/ros2_ws/install/examples_rclpy_minimal_subscriber:/home/takeyama/workspace/ros2_ws/install/examples_rclpy_minimal_service:/home/takeyama/workspace/ros2_ws/install/examples_rclpy_minimal_publisher:/home/takeyama/workspace/ros2_ws/install/examples_rclpy_minimal_client:/home/takeyama/workspace/ros2_ws/install/examples_rclpy_minimal_action_server:/home/takeyama/workspace/ros2_ws/install/examples_rclpy_minimal_action_client:/home/takeyama/workspace/ros2_ws/install/examples_rclpy_executors:/home/takeyama/workspace/ros2_ws/install/demo_nodes_py:/home/takeyama/workspace/ros2_ws/install/ament_uncrustify:/home/takeyama/workspace/ros2_ws/install/test_launch_ros:/home/takeyama/workspace/ros2_ws/install/rosidl_runtime_py:/home/takeyama/workspace/ros2_ws/install/launch_testing:/home/takeyama/workspace/ros2_ws/install/launch:/home/takeyama/workspace/ros2_ws/install/osrf_pycommon:/home/takeyama/workspace/ros2_ws/install/ament_xmllint:/home/takeyama/workspace/ros2_ws/install/ament_pyflakes:/home/takeyama/workspace/ros2_ws/install/ament_pep8:/home/takeyama/workspace/ros2_ws/install/ament_pep257:/home/takeyama/workspace/ros2_ws/install/ament_pclint:/home/takeyama/workspace/ros2_ws/install/ament_package:/home/takeyama/workspace/ros2_ws/install/ament_lint_cmake:/home/takeyama/workspace/ros2_ws/install/ament_flake8:/home/takeyama/workspace/ros2_ws/install/ament_copyright:/home/takeyama/workspace/ros2_ws/install/ament_lint:/home/takeyama/workspace/ros2_ws/install/ament_index_python:/home/takeyama/workspace/ros2_ws/install/ament_cpplint:/home/takeyama/workspace/ros2_ws/install/ament_cppcheck:/home/takeyama/workspace/ros2_ws/install/ament_clang_tidy:/home/takeyama/workspace/ros2_ws/install/ament_clang_format:/home/takeyama/workspace/ros2_eyeexplorer/install/examples_rclpy_minimal_action_server:/opt/ros/dashing /usr/bin/cmake /home/takeyama/workspace/ros2_eyeexplorer/src/ts01 -DAMENT_CMAKE_SYMLINK_INSTALL=1 -DCMAKE_INSTALL_PREFIX=/home/takeyama/workspace/ros2_eyeexplorer/src/install/ts01
[17.362s] DEBUG:colcon.colcon_core.event_handler.log_command:Invoked command in '/home/takeyama/workspace/ros2_eyeexplorer/src/build/ts01' returned '0': CMAKE_PREFIX_PATH=${CMAKE_PREFIX_PATH}:/home/takeyama/workspace/ros2_ws/install/ros2bag:/home/takeyama/workspace/ros2_ws/install/topic_monitor:/home/takeyama/workspace/ros2_ws/install/sros2:/home/takeyama/workspace/ros2_ws/install/rqt:/home/takeyama/workspace/ros2_ws/install/rqt_graph:/home/takeyama/workspace/ros2_ws/install/rqt_gui_py:/home/takeyama/workspace/ros2_ws/install/rqt_gui:/home/takeyama/workspace/ros2_ws/install/ros2topic:/home/takeyama/workspace/ros2_ws/install/ros2test:/home/takeyama/workspace/ros2_ws/install/ros2component:/home/takeyama/workspace/ros2_ws/install/ros2param:/home/takeyama/workspace/ros2_ws/install/ros2lifecycle:/home/takeyama/workspace/ros2_ws/install/ros2service:/home/takeyama/workspace/ros2_ws/install/ros2srv:/home/takeyama/workspace/ros2_ws/install/ros2run:/home/takeyama/workspace/ros2_ws/install/ros2launch:/home/takeyama/workspace/ros2_ws/install/ros2pkg:/home/takeyama/workspace/ros2_ws/install/ros2node:/home/takeyama/workspace/ros2_ws/install/ros2multicast:/home/takeyama/workspace/ros2_ws/install/ros2msg:/home/takeyama/workspace/ros2_ws/install/ros2action:/home/takeyama/workspace/ros2_ws/install/ros2cli:/home/takeyama/workspace/ros2_ws/install/quality_of_service_demo_py:/home/takeyama/workspace/ros2_ws/install/launch_testing_ros:/home/takeyama/workspace/ros2_ws/install/launch_ros:/home/takeyama/workspace/ros2_ws/install/examples_rclpy_minimal_subscriber:/home/takeyama/workspace/ros2_ws/install/examples_rclpy_minimal_service:/home/takeyama/workspace/ros2_ws/install/examples_rclpy_minimal_publisher:/home/takeyama/workspace/ros2_ws/install/examples_rclpy_minimal_client:/home/takeyama/workspace/ros2_ws/install/examples_rclpy_minimal_action_server:/home/takeyama/workspace/ros2_ws/install/examples_rclpy_minimal_action_client:/home/takeyama/workspace/ros2_ws/install/examples_rclpy_executors:/home/takeyama/workspace/ros2_ws/install/demo_nodes_py:/home/takeyama/workspace/ros2_ws/install/ament_uncrustify:/home/takeyama/workspace/ros2_ws/install/test_launch_ros:/home/takeyama/workspace/ros2_ws/install/rosidl_runtime_py:/home/takeyama/workspace/ros2_ws/install/launch_testing:/home/takeyama/workspace/ros2_ws/install/launch:/home/takeyama/workspace/ros2_ws/install/osrf_pycommon:/home/takeyama/workspace/ros2_ws/install/ament_xmllint:/home/takeyama/workspace/ros2_ws/install/ament_pyflakes:/home/takeyama/workspace/ros2_ws/install/ament_pep8:/home/takeyama/workspace/ros2_ws/install/ament_pep257:/home/takeyama/workspace/ros2_ws/install/ament_pclint:/home/takeyama/workspace/ros2_ws/install/ament_package:/home/takeyama/workspace/ros2_ws/install/ament_lint_cmake:/home/takeyama/workspace/ros2_ws/install/ament_flake8:/home/takeyama/workspace/ros2_ws/install/ament_copyright:/home/takeyama/workspace/ros2_ws/install/ament_lint:/home/takeyama/workspace/ros2_ws/install/ament_index_python:/home/takeyama/workspace/ros2_ws/install/ament_cpplint:/home/takeyama/workspace/ros2_ws/install/ament_cppcheck:/home/takeyama/workspace/ros2_ws/install/ament_clang_tidy:/home/takeyama/workspace/ros2_ws/install/ament_clang_format:/home/takeyama/workspace/ros2_eyeexplorer/install/examples_rclpy_minimal_action_server:/opt/ros/dashing /usr/bin/cmake /home/takeyama/workspace/ros2_eyeexplorer/src/ts01 -DAMENT_CMAKE_SYMLINK_INSTALL=1 -DCMAKE_INSTALL_PREFIX=/home/takeyama/workspace/ros2_eyeexplorer/src/install/ts01
[17.370s] DEBUG:colcon.colcon_core.event_handler.log_command:Invoking command in '/home/takeyama/workspace/ros2_eyeexplorer/src/build/ts01': CMAKE_PREFIX_PATH=${CMAKE_PREFIX_PATH}:/home/takeyama/workspace/ros2_ws/install/ros2bag:/home/takeyama/workspace/ros2_ws/install/topic_monitor:/home/takeyama/workspace/ros2_ws/install/sros2:/home/takeyama/workspace/ros2_ws/install/rqt:/home/takeyama/workspace/ros2_ws/install/rqt_graph:/home/takeyama/workspace/ros2_ws/install/rqt_gui_py:/home/takeyama/workspace/ros2_ws/install/rqt_gui:/home/takeyama/workspace/ros2_ws/install/ros2topic:/home/takeyama/workspace/ros2_ws/install/ros2test:/home/takeyama/workspace/ros2_ws/install/ros2component:/home/takeyama/workspace/ros2_ws/install/ros2param:/home/takeyama/workspace/ros2_ws/install/ros2lifecycle:/home/takeyama/workspace/ros2_ws/install/ros2service:/home/takeyama/workspace/ros2_ws/install/ros2srv:/home/takeyama/workspace/ros2_ws/install/ros2run:/home/takeyama/workspace/ros2_ws/install/ros2launch:/home/takeyama/workspace/ros2_ws/install/ros2pkg:/home/takeyama/workspace/ros2_ws/install/ros2node:/home/takeyama/workspace/ros2_ws/install/ros2multicast:/home/takeyama/workspace/ros2_ws/install/ros2msg:/home/takeyama/workspace/ros2_ws/install/ros2action:/home/takeyama/workspace/ros2_ws/install/ros2cli:/home/takeyama/workspace/ros2_ws/install/quality_of_service_demo_py:/home/takeyama/workspace/ros2_ws/install/launch_testing_ros:/home/takeyama/workspace/ros2_ws/install/launch_ros:/home/takeyama/workspace/ros2_ws/install/examples_rclpy_minimal_subscriber:/home/takeyama/workspace/ros2_ws/install/examples_rclpy_minimal_service:/home/takeyama/workspace/ros2_ws/install/examples_rclpy_minimal_publisher:/home/takeyama/workspace/ros2_ws/install/examples_rclpy_minimal_client:/home/takeyama/workspace/ros2_ws/install/examples_rclpy_minimal_action_server:/home/takeyama/workspace/ros2_ws/install/examples_rclpy_minimal_action_client:/home/takeyama/workspace/ros2_ws/install/examples_rclpy_executors:/home/takeyama/workspace/ros2_ws/install/demo_nodes_py:/home/takeyama/workspace/ros2_ws/install/ament_uncrustify:/home/takeyama/workspace/ros2_ws/install/test_launch_ros:/home/takeyama/workspace/ros2_ws/install/rosidl_runtime_py:/home/takeyama/workspace/ros2_ws/install/launch_testing:/home/takeyama/workspace/ros2_ws/install/launch:/home/takeyama/workspace/ros2_ws/install/osrf_pycommon:/home/takeyama/workspace/ros2_ws/install/ament_xmllint:/home/takeyama/workspace/ros2_ws/install/ament_pyflakes:/home/takeyama/workspace/ros2_ws/install/ament_pep8:/home/takeyama/workspace/ros2_ws/install/ament_pep257:/home/takeyama/workspace/ros2_ws/install/ament_pclint:/home/takeyama/workspace/ros2_ws/install/ament_package:/home/takeyama/workspace/ros2_ws/install/ament_lint_cmake:/home/takeyama/workspace/ros2_ws/install/ament_flake8:/home/takeyama/workspace/ros2_ws/install/ament_copyright:/home/takeyama/workspace/ros2_ws/install/ament_lint:/home/takeyama/workspace/ros2_ws/install/ament_index_python:/home/takeyama/workspace/ros2_ws/install/ament_cpplint:/home/takeyama/workspace/ros2_ws/install/ament_cppcheck:/home/takeyama/workspace/ros2_ws/install/ament_clang_tidy:/home/takeyama/workspace/ros2_ws/install/ament_clang_format:/home/takeyama/workspace/ros2_eyeexplorer/install/examples_rclpy_minimal_action_server:/opt/ros/dashing /usr/bin/cmake --build /home/takeyama/workspace/ros2_eyeexplorer/src/build/ts01 -- -j8 -l8
[18.135s] DEBUG:colcon.colcon_core.event_handler.log_command:Invoked command in '/home/takeyama/workspace/ros2_eyeexplorer/src/build/map_server' returned '0': CMAKE_PREFIX_PATH=${CMAKE_PREFIX_PATH}:/home/takeyama/workspace/ros2_ws/install/ros2bag:/home/takeyama/workspace/ros2_ws/install/topic_monitor:/home/takeyama/workspace/ros2_ws/install/sros2:/home/takeyama/workspace/ros2_ws/install/rqt:/home/takeyama/workspace/ros2_ws/install/rqt_graph:/home/takeyama/workspace/ros2_ws/install/rqt_gui_py:/home/takeyama/workspace/ros2_ws/install/rqt_gui:/home/takeyama/workspace/ros2_ws/install/ros2topic:/home/takeyama/workspace/ros2_ws/install/ros2test:/home/takeyama/workspace/ros2_ws/install/ros2component:/home/takeyama/workspace/ros2_ws/install/ros2param:/home/takeyama/workspace/ros2_ws/install/ros2lifecycle:/home/takeyama/workspace/ros2_ws/install/ros2service:/home/takeyama/workspace/ros2_ws/install/ros2srv:/home/takeyama/workspace/ros2_ws/install/ros2run:/home/takeyama/workspace/ros2_ws/install/ros2launch:/home/takeyama/workspace/ros2_ws/install/ros2pkg:/home/takeyama/workspace/ros2_ws/install/ros2node:/home/takeyama/workspace/ros2_ws/install/ros2multicast:/home/takeyama/workspace/ros2_ws/install/ros2msg:/home/takeyama/workspace/ros2_ws/install/ros2action:/home/takeyama/workspace/ros2_ws/install/ros2cli:/home/takeyama/workspace/ros2_ws/install/quality_of_service_demo_py:/home/takeyama/workspace/ros2_ws/install/launch_testing_ros:/home/takeyama/workspace/ros2_ws/install/launch_ros:/home/takeyama/workspace/ros2_ws/install/examples_rclpy_minimal_subscriber:/home/takeyama/workspace/ros2_ws/install/examples_rclpy_minimal_service:/home/takeyama/workspace/ros2_ws/install/examples_rclpy_minimal_publisher:/home/takeyama/workspace/ros2_ws/install/examples_rclpy_minimal_client:/home/takeyama/workspace/ros2_ws/install/examples_rclpy_minimal_action_server:/home/takeyama/workspace/ros2_ws/install/examples_rclpy_minimal_action_client:/home/takeyama/workspace/ros2_ws/install/examples_rclpy_executors:/home/takeyama/workspace/ros2_ws/install/demo_nodes_py:/home/takeyama/workspace/ros2_ws/install/ament_uncrustify:/home/takeyama/workspace/ros2_ws/install/test_launch_ros:/home/takeyama/workspace/ros2_ws/install/rosidl_runtime_py:/home/takeyama/workspace/ros2_ws/install/launch_testing:/home/takeyama/workspace/ros2_ws/install/launch:/home/takeyama/workspace/ros2_ws/install/osrf_pycommon:/home/takeyama/workspace/ros2_ws/install/ament_xmllint:/home/takeyama/workspace/ros2_ws/install/ament_pyflakes:/home/takeyama/workspace/ros2_ws/install/ament_pep8:/home/takeyama/workspace/ros2_ws/install/ament_pep257:/home/takeyama/workspace/ros2_ws/install/ament_pclint:/home/takeyama/workspace/ros2_ws/install/ament_package:/home/takeyama/workspace/ros2_ws/install/ament_lint_cmake:/home/takeyama/workspace/ros2_ws/install/ament_flake8:/home/takeyama/workspace/ros2_ws/install/ament_copyright:/home/takeyama/workspace/ros2_ws/install/ament_lint:/home/takeyama/workspace/ros2_ws/install/ament_index_python:/home/takeyama/workspace/ros2_ws/install/ament_cpplint:/home/takeyama/workspace/ros2_ws/install/ament_cppcheck:/home/takeyama/workspace/ros2_ws/install/ament_clang_tidy:/home/takeyama/workspace/ros2_ws/install/ament_clang_format:/home/takeyama/workspace/ros2_eyeexplorer/install/examples_rclpy_minimal_action_server:/opt/ros/dashing /usr/bin/cmake /home/takeyama/workspace/ros2_eyeexplorer/src/arm/map_server -DAMENT_CMAKE_SYMLINK_INSTALL=1 -DCMAKE_INSTALL_PREFIX=/home/takeyama/workspace/ros2_eyeexplorer/src/install/map_server
[18.141s] DEBUG:colcon.colcon_core.event_handler.log_command:Invoking command in '/home/takeyama/workspace/ros2_eyeexplorer/src/build/map_server': CMAKE_PREFIX_PATH=${CMAKE_PREFIX_PATH}:/home/takeyama/workspace/ros2_ws/install/ros2bag:/home/takeyama/workspace/ros2_ws/install/topic_monitor:/home/takeyama/workspace/ros2_ws/install/sros2:/home/takeyama/workspace/ros2_ws/install/rqt:/home/takeyama/workspace/ros2_ws/install/rqt_graph:/home/takeyama/workspace/ros2_ws/install/rqt_gui_py:/home/takeyama/workspace/ros2_ws/install/rqt_gui:/home/takeyama/workspace/ros2_ws/install/ros2topic:/home/takeyama/workspace/ros2_ws/install/ros2test:/home/takeyama/workspace/ros2_ws/install/ros2component:/home/takeyama/workspace/ros2_ws/install/ros2param:/home/takeyama/workspace/ros2_ws/install/ros2lifecycle:/home/takeyama/workspace/ros2_ws/install/ros2service:/home/takeyama/workspace/ros2_ws/install/ros2srv:/home/takeyama/workspace/ros2_ws/install/ros2run:/home/takeyama/workspace/ros2_ws/install/ros2launch:/home/takeyama/workspace/ros2_ws/install/ros2pkg:/home/takeyama/workspace/ros2_ws/install/ros2node:/home/takeyama/workspace/ros2_ws/install/ros2multicast:/home/takeyama/workspace/ros2_ws/install/ros2msg:/home/takeyama/workspace/ros2_ws/install/ros2action:/home/takeyama/workspace/ros2_ws/install/ros2cli:/home/takeyama/workspace/ros2_ws/install/quality_of_service_demo_py:/home/takeyama/workspace/ros2_ws/install/launch_testing_ros:/home/takeyama/workspace/ros2_ws/install/launch_ros:/home/takeyama/workspace/ros2_ws/install/examples_rclpy_minimal_subscriber:/home/takeyama/workspace/ros2_ws/install/examples_rclpy_minimal_service:/home/takeyama/workspace/ros2_ws/install/examples_rclpy_minimal_publisher:/home/takeyama/workspace/ros2_ws/install/examples_rclpy_minimal_client:/home/takeyama/workspace/ros2_ws/install/examples_rclpy_minimal_action_server:/home/takeyama/workspace/ros2_ws/install/examples_rclpy_minimal_action_client:/home/takeyama/workspace/ros2_ws/install/examples_rclpy_executors:/home/takeyama/workspace/ros2_ws/install/demo_nodes_py:/home/takeyama/workspace/ros2_ws/install/ament_uncrustify:/home/takeyama/workspace/ros2_ws/install/test_launch_ros:/home/takeyama/workspace/ros2_ws/install/rosidl_runtime_py:/home/takeyama/workspace/ros2_ws/install/launch_testing:/home/takeyama/workspace/ros2_ws/install/launch:/home/takeyama/workspace/ros2_ws/install/osrf_pycommon:/home/takeyama/workspace/ros2_ws/install/ament_xmllint:/home/takeyama/workspace/ros2_ws/install/ament_pyflakes:/home/takeyama/workspace/ros2_ws/install/ament_pep8:/home/takeyama/workspace/ros2_ws/install/ament_pep257:/home/takeyama/workspace/ros2_ws/install/ament_pclint:/home/takeyama/workspace/ros2_ws/install/ament_package:/home/takeyama/workspace/ros2_ws/install/ament_lint_cmake:/home/takeyama/workspace/ros2_ws/install/ament_flake8:/home/takeyama/workspace/ros2_ws/install/ament_copyright:/home/takeyama/workspace/ros2_ws/install/ament_lint:/home/takeyama/workspace/ros2_ws/install/ament_index_python:/home/takeyama/workspace/ros2_ws/install/ament_cpplint:/home/takeyama/workspace/ros2_ws/install/ament_cppcheck:/home/takeyama/workspace/ros2_ws/install/ament_clang_tidy:/home/takeyama/workspace/ros2_ws/install/ament_clang_format:/home/takeyama/workspace/ros2_eyeexplorer/install/examples_rclpy_minimal_action_server:/opt/ros/dashing /usr/bin/cmake --build /home/takeyama/workspace/ros2_eyeexplorer/src/build/map_server -- -j8 -l8
[21.596s] DEBUG:colcon.colcon_core.event_handler.log_command:Invoked command in '/home/takeyama/workspace/ros2_eyeexplorer/src/build/arm_status' returned '0': CMAKE_PREFIX_PATH=${CMAKE_PREFIX_PATH}:/home/takeyama/workspace/ros2_ws/install/ros2bag:/home/takeyama/workspace/ros2_ws/install/topic_monitor:/home/takeyama/workspace/ros2_ws/install/sros2:/home/takeyama/workspace/ros2_ws/install/rqt:/home/takeyama/workspace/ros2_ws/install/rqt_graph:/home/takeyama/workspace/ros2_ws/install/rqt_gui_py:/home/takeyama/workspace/ros2_ws/install/rqt_gui:/home/takeyama/workspace/ros2_ws/install/ros2topic:/home/takeyama/workspace/ros2_ws/install/ros2test:/home/takeyama/workspace/ros2_ws/install/ros2component:/home/takeyama/workspace/ros2_ws/install/ros2param:/home/takeyama/workspace/ros2_ws/install/ros2lifecycle:/home/takeyama/workspace/ros2_ws/install/ros2service:/home/takeyama/workspace/ros2_ws/install/ros2srv:/home/takeyama/workspace/ros2_ws/install/ros2run:/home/takeyama/workspace/ros2_ws/install/ros2launch:/home/takeyama/workspace/ros2_ws/install/ros2pkg:/home/takeyama/workspace/ros2_ws/install/ros2node:/home/takeyama/workspace/ros2_ws/install/ros2multicast:/home/takeyama/workspace/ros2_ws/install/ros2msg:/home/takeyama/workspace/ros2_ws/install/ros2action:/home/takeyama/workspace/ros2_ws/install/ros2cli:/home/takeyama/workspace/ros2_ws/install/quality_of_service_demo_py:/home/takeyama/workspace/ros2_ws/install/launch_testing_ros:/home/takeyama/workspace/ros2_ws/install/launch_ros:/home/takeyama/workspace/ros2_ws/install/examples_rclpy_minimal_subscriber:/home/takeyama/workspace/ros2_ws/install/examples_rclpy_minimal_service:/home/takeyama/workspace/ros2_ws/install/examples_rclpy_minimal_publisher:/home/takeyama/workspace/ros2_ws/install/examples_rclpy_minimal_client:/home/takeyama/workspace/ros2_ws/install/examples_rclpy_minimal_action_server:/home/takeyama/workspace/ros2_ws/install/examples_rclpy_minimal_action_client:/home/takeyama/workspace/ros2_ws/install/examples_rclpy_executors:/home/takeyama/workspace/ros2_ws/install/demo_nodes_py:/home/takeyama/workspace/ros2_ws/install/ament_uncrustify:/home/takeyama/workspace/ros2_ws/install/test_launch_ros:/home/takeyama/workspace/ros2_ws/install/rosidl_runtime_py:/home/takeyama/workspace/ros2_ws/install/launch_testing:/home/takeyama/workspace/ros2_ws/install/launch:/home/takeyama/workspace/ros2_ws/install/osrf_pycommon:/home/takeyama/workspace/ros2_ws/install/ament_xmllint:/home/takeyama/workspace/ros2_ws/install/ament_pyflakes:/home/takeyama/workspace/ros2_ws/install/ament_pep8:/home/takeyama/workspace/ros2_ws/install/ament_pep257:/home/takeyama/workspace/ros2_ws/install/ament_pclint:/home/takeyama/workspace/ros2_ws/install/ament_package:/home/takeyama/workspace/ros2_ws/install/ament_lint_cmake:/home/takeyama/workspace/ros2_ws/install/ament_flake8:/home/takeyama/workspace/ros2_ws/install/ament_copyright:/home/takeyama/workspace/ros2_ws/install/ament_lint:/home/takeyama/workspace/ros2_ws/install/ament_index_python:/home/takeyama/workspace/ros2_ws/install/ament_cpplint:/home/takeyama/workspace/ros2_ws/install/ament_cppcheck:/home/takeyama/workspace/ros2_ws/install/ament_clang_tidy:/home/takeyama/workspace/ros2_ws/install/ament_clang_format:/home/takeyama/workspace/ros2_eyeexplorer/install/examples_rclpy_minimal_action_server:/opt/ros/dashing /usr/bin/cmake /home/takeyama/workspace/ros2_eyeexplorer/src/arm/arm_status -DAMENT_CMAKE_SYMLINK_INSTALL=1 -DCMAKE_INSTALL_PREFIX=/home/takeyama/workspace/ros2_eyeexplorer/src/install/arm_status
[21.611s] DEBUG:colcon.colcon_core.event_handler.log_command:Invoking command in '/home/takeyama/workspace/ros2_eyeexplorer/src/build/arm_status': CMAKE_PREFIX_PATH=${CMAKE_PREFIX_PATH}:/home/takeyama/workspace/ros2_ws/install/ros2bag:/home/takeyama/workspace/ros2_ws/install/topic_monitor:/home/takeyama/workspace/ros2_ws/install/sros2:/home/takeyama/workspace/ros2_ws/install/rqt:/home/takeyama/workspace/ros2_ws/install/rqt_graph:/home/takeyama/workspace/ros2_ws/install/rqt_gui_py:/home/takeyama/workspace/ros2_ws/install/rqt_gui:/home/takeyama/workspace/ros2_ws/install/ros2topic:/home/takeyama/workspace/ros2_ws/install/ros2test:/home/takeyama/workspace/ros2_ws/install/ros2component:/home/takeyama/workspace/ros2_ws/install/ros2param:/home/takeyama/workspace/ros2_ws/install/ros2lifecycle:/home/takeyama/workspace/ros2_ws/install/ros2service:/home/takeyama/workspace/ros2_ws/install/ros2srv:/home/takeyama/workspace/ros2_ws/install/ros2run:/home/takeyama/workspace/ros2_ws/install/ros2launch:/home/takeyama/workspace/ros2_ws/install/ros2pkg:/home/takeyama/workspace/ros2_ws/install/ros2node:/home/takeyama/workspace/ros2_ws/install/ros2multicast:/home/takeyama/workspace/ros2_ws/install/ros2msg:/home/takeyama/workspace/ros2_ws/install/ros2action:/home/takeyama/workspace/ros2_ws/install/ros2cli:/home/takeyama/workspace/ros2_ws/install/quality_of_service_demo_py:/home/takeyama/workspace/ros2_ws/install/launch_testing_ros:/home/takeyama/workspace/ros2_ws/install/launch_ros:/home/takeyama/workspace/ros2_ws/install/examples_rclpy_minimal_subscriber:/home/takeyama/workspace/ros2_ws/install/examples_rclpy_minimal_service:/home/takeyama/workspace/ros2_ws/install/examples_rclpy_minimal_publisher:/home/takeyama/workspace/ros2_ws/install/examples_rclpy_minimal_client:/home/takeyama/workspace/ros2_ws/install/examples_rclpy_minimal_action_server:/home/takeyama/workspace/ros2_ws/install/examples_rclpy_minimal_action_client:/home/takeyama/workspace/ros2_ws/install/examples_rclpy_executors:/home/takeyama/workspace/ros2_ws/install/demo_nodes_py:/home/takeyama/workspace/ros2_ws/install/ament_uncrustify:/home/takeyama/workspace/ros2_ws/install/test_launch_ros:/home/takeyama/workspace/ros2_ws/install/rosidl_runtime_py:/home/takeyama/workspace/ros2_ws/install/launch_testing:/home/takeyama/workspace/ros2_ws/install/launch:/home/takeyama/workspace/ros2_ws/install/osrf_pycommon:/home/takeyama/workspace/ros2_ws/install/ament_xmllint:/home/takeyama/workspace/ros2_ws/install/ament_pyflakes:/home/takeyama/workspace/ros2_ws/install/ament_pep8:/home/takeyama/workspace/ros2_ws/install/ament_pep257:/home/takeyama/workspace/ros2_ws/install/ament_pclint:/home/takeyama/workspace/ros2_ws/install/ament_package:/home/takeyama/workspace/ros2_ws/install/ament_lint_cmake:/home/takeyama/workspace/ros2_ws/install/ament_flake8:/home/takeyama/workspace/ros2_ws/install/ament_copyright:/home/takeyama/workspace/ros2_ws/install/ament_lint:/home/takeyama/workspace/ros2_ws/install/ament_index_python:/home/takeyama/workspace/ros2_ws/install/ament_cpplint:/home/takeyama/workspace/ros2_ws/install/ament_cppcheck:/home/takeyama/workspace/ros2_ws/install/ament_clang_tidy:/home/takeyama/workspace/ros2_ws/install/ament_clang_format:/home/takeyama/workspace/ros2_eyeexplorer/install/examples_rclpy_minimal_action_server:/opt/ros/dashing /usr/bin/cmake --build /home/takeyama/workspace/ros2_eyeexplorer/src/build/arm_status -- -j8 -l8
