Determining if the pthread_create exist failed with the following output:
Change Dir: /home/takeyama/workspace/ros2_eyeexplorer/src/build/arm_status/CMakeFiles/CMakeTmp

Run Build Command:"/usr/bin/make" "cmTC_68e34/fast"
/usr/bin/make -f CMakeFiles/cmTC_68e34.dir/build.make CMakeFiles/cmTC_68e34.dir/build
make[1]: ディレクトリ '/home/takeyama/workspace/ros2_eyeexplorer/src/build/arm_status/CMakeFiles/CMakeTmp' に入ります
Building C object CMakeFiles/cmTC_68e34.dir/CheckSymbolExists.c.o
/usr/bin/cc    -o CMakeFiles/cmTC_68e34.dir/CheckSymbolExists.c.o   -c /home/takeyama/workspace/ros2_eyeexplorer/src/build/arm_status/CMakeFiles/CMakeTmp/CheckSymbolExists.c
Linking C executable cmTC_68e34
/usr/bin/cmake -E cmake_link_script CMakeFiles/cmTC_68e34.dir/link.txt --verbose=1
/usr/bin/cc      CMakeFiles/cmTC_68e34.dir/CheckSymbolExists.c.o  -o cmTC_68e34 
CMakeFiles/cmTC_68e34.dir/CheckSymbolExists.c.o: 関数 `main' 内:
CheckSymbolExists.c:(.text+0x1b): `pthread_create' に対する定義されていない参照です
collect2: error: ld returned 1 exit status
CMakeFiles/cmTC_68e34.dir/build.make:97: recipe for target 'cmTC_68e34' failed
make[1]: *** [cmTC_68e34] Error 1
make[1]: ディレクトリ '/home/takeyama/workspace/ros2_eyeexplorer/src/build/arm_status/CMakeFiles/CMakeTmp' から出ます
Makefile:126: recipe for target 'cmTC_68e34/fast' failed
make: *** [cmTC_68e34/fast] Error 2

File /home/takeyama/workspace/ros2_eyeexplorer/src/build/arm_status/CMakeFiles/CMakeTmp/CheckSymbolExists.c:
/* */
#include <pthread.h>

int main(int argc, char** argv)
{
  (void)argv;
#ifndef pthread_create
  return ((int*)(&pthread_create))[argc];
#else
  (void)argc;
  return 0;
#endif
}

Determining if the function pthread_create exists in the pthreads failed with the following output:
Change Dir: /home/takeyama/workspace/ros2_eyeexplorer/src/build/arm_status/CMakeFiles/CMakeTmp

Run Build Command:"/usr/bin/make" "cmTC_7f634/fast"
/usr/bin/make -f CMakeFiles/cmTC_7f634.dir/build.make CMakeFiles/cmTC_7f634.dir/build
make[1]: ディレクトリ '/home/takeyama/workspace/ros2_eyeexplorer/src/build/arm_status/CMakeFiles/CMakeTmp' に入ります
Building C object CMakeFiles/cmTC_7f634.dir/CheckFunctionExists.c.o
/usr/bin/cc   -DCHECK_FUNCTION_EXISTS=pthread_create   -o CMakeFiles/cmTC_7f634.dir/CheckFunctionExists.c.o   -c /usr/share/cmake-3.10/Modules/CheckFunctionExists.c
Linking C executable cmTC_7f634
/usr/bin/cmake -E cmake_link_script CMakeFiles/cmTC_7f634.dir/link.txt --verbose=1
/usr/bin/cc  -DCHECK_FUNCTION_EXISTS=pthread_create    CMakeFiles/cmTC_7f634.dir/CheckFunctionExists.c.o  -o cmTC_7f634 -lpthreads 
/usr/bin/ld: -lpthreads が見つかりません
collect2: error: ld returned 1 exit status
CMakeFiles/cmTC_7f634.dir/build.make:97: recipe for target 'cmTC_7f634' failed
make[1]: *** [cmTC_7f634] Error 1
make[1]: ディレクトリ '/home/takeyama/workspace/ros2_eyeexplorer/src/build/arm_status/CMakeFiles/CMakeTmp' から出ます
Makefile:126: recipe for target 'cmTC_7f634/fast' failed
make: *** [cmTC_7f634/fast] Error 2


