[35m[1mScanning dependencies of target ROI[0m
[ 50%] [32mBuilding CXX object CMakeFiles/ROI.dir/src/ROI.cpp.o[0m
[100%] [32m[1mLinking CXX executable ROI[0m
[100%] Built target ROI
[100%] Built target ROI
[36mInstall the project...[0m
-- Install configuration: ""
-- Execute custom install script
-- Up-to-date symlink: /home/takeyama/workspace/ros2_eyeexplorer/install/endoscope/lib/endoscope/ROI
-- Up-to-date symlink: /home/takeyama/workspace/ros2_eyeexplorer/install/endoscope/share/ament_index/resource_index/package_run_dependencies/endoscope
-- Up-to-date symlink: /home/takeyama/workspace/ros2_eyeexplorer/install/endoscope/share/ament_index/resource_index/parent_prefix_path/endoscope
-- Up-to-date symlink: /home/takeyama/workspace/ros2_eyeexplorer/install/endoscope/share/endoscope/environment/ament_prefix_path.sh
-- Up-to-date symlink: /home/takeyama/workspace/ros2_eyeexplorer/install/endoscope/share/endoscope/environment/path.sh
-- Up-to-date symlink: /home/takeyama/workspace/ros2_eyeexplorer/install/endoscope/share/endoscope/local_setup.bash
-- Up-to-date symlink: /home/takeyama/workspace/ros2_eyeexplorer/install/endoscope/share/endoscope/local_setup.sh
-- Up-to-date symlink: /home/takeyama/workspace/ros2_eyeexplorer/install/endoscope/share/endoscope/local_setup.zsh
-- Up-to-date symlink: /home/takeyama/workspace/ros2_eyeexplorer/install/endoscope/share/ament_index/resource_index/packages/endoscope
-- Up-to-date symlink: /home/takeyama/workspace/ros2_eyeexplorer/install/endoscope/share/endoscope/cmake/endoscopeConfig.cmake
-- Up-to-date symlink: /home/takeyama/workspace/ros2_eyeexplorer/install/endoscope/share/endoscope/cmake/endoscopeConfig-version.cmake
-- Up-to-date symlink: /home/takeyama/workspace/ros2_eyeexplorer/install/endoscope/share/endoscope/package.xml
