Invoking command in '/home/takeyama/workspace/ros2_eyeexplorer/src/build/ts01': CMAKE_PREFIX_PATH=${CMAKE_PREFIX_PATH}:/home/takeyama/workspace/ros2_ws/install/ros2bag:/home/takeyama/workspace/ros2_ws/install/topic_monitor:/home/takeyama/workspace/ros2_ws/install/sros2:/home/takeyama/workspace/ros2_ws/install/rqt:/home/takeyama/workspace/ros2_ws/install/rqt_graph:/home/takeyama/workspace/ros2_ws/install/rqt_gui_py:/home/takeyama/workspace/ros2_ws/install/rqt_gui:/home/takeyama/workspace/ros2_ws/install/ros2topic:/home/takeyama/workspace/ros2_ws/install/ros2test:/home/takeyama/workspace/ros2_ws/install/ros2component:/home/takeyama/workspace/ros2_ws/install/ros2param:/home/takeyama/workspace/ros2_ws/install/ros2lifecycle:/home/takeyama/workspace/ros2_ws/install/ros2service:/home/takeyama/workspace/ros2_ws/install/ros2srv:/home/takeyama/workspace/ros2_ws/install/ros2run:/home/takeyama/workspace/ros2_ws/install/ros2launch:/home/takeyama/workspace/ros2_ws/install/ros2pkg:/home/takeyama/workspace/ros2_ws/install/ros2node:/home/takeyama/workspace/ros2_ws/install/ros2multicast:/home/takeyama/workspace/ros2_ws/install/ros2msg:/home/takeyama/workspace/ros2_ws/install/ros2action:/home/takeyama/workspace/ros2_ws/install/ros2cli:/home/takeyama/workspace/ros2_ws/install/quality_of_service_demo_py:/home/takeyama/workspace/ros2_ws/install/launch_testing_ros:/home/takeyama/workspace/ros2_ws/install/launch_ros:/home/takeyama/workspace/ros2_ws/install/examples_rclpy_minimal_subscriber:/home/takeyama/workspace/ros2_ws/install/examples_rclpy_minimal_service:/home/takeyama/workspace/ros2_ws/install/examples_rclpy_minimal_publisher:/home/takeyama/workspace/ros2_ws/install/examples_rclpy_minimal_client:/home/takeyama/workspace/ros2_ws/install/examples_rclpy_minimal_action_server:/home/takeyama/workspace/ros2_ws/install/examples_rclpy_minimal_action_client:/home/takeyama/workspace/ros2_ws/install/examples_rclpy_executors:/home/takeyama/workspace/ros2_ws/install/demo_nodes_py:/home/takeyama/workspace/ros2_ws/install/ament_uncrustify:/home/takeyama/workspace/ros2_ws/install/test_launch_ros:/home/takeyama/workspace/ros2_ws/install/rosidl_runtime_py:/home/takeyama/workspace/ros2_ws/install/launch_testing:/home/takeyama/workspace/ros2_ws/install/launch:/home/takeyama/workspace/ros2_ws/install/osrf_pycommon:/home/takeyama/workspace/ros2_ws/install/ament_xmllint:/home/takeyama/workspace/ros2_ws/install/ament_pyflakes:/home/takeyama/workspace/ros2_ws/install/ament_pep8:/home/takeyama/workspace/ros2_ws/install/ament_pep257:/home/takeyama/workspace/ros2_ws/install/ament_pclint:/home/takeyama/workspace/ros2_ws/install/ament_package:/home/takeyama/workspace/ros2_ws/install/ament_lint_cmake:/home/takeyama/workspace/ros2_ws/install/ament_flake8:/home/takeyama/workspace/ros2_ws/install/ament_copyright:/home/takeyama/workspace/ros2_ws/install/ament_lint:/home/takeyama/workspace/ros2_ws/install/ament_index_python:/home/takeyama/workspace/ros2_ws/install/ament_cpplint:/home/takeyama/workspace/ros2_ws/install/ament_cppcheck:/home/takeyama/workspace/ros2_ws/install/ament_clang_tidy:/home/takeyama/workspace/ros2_ws/install/ament_clang_format:/home/takeyama/workspace/ros2_eyeexplorer/install/examples_rclpy_minimal_action_server:/opt/ros/dashing /usr/bin/cmake /home/takeyama/workspace/ros2_eyeexplorer/src/ts01 -DAMENT_CMAKE_SYMLINK_INSTALL=1 -DCMAKE_INSTALL_PREFIX=/home/takeyama/workspace/ros2_eyeexplorer/src/install/ts01
-- The C compiler identification is GNU 7.4.0
-- The CXX compiler identification is GNU 7.4.0
-- Check for working C compiler: /usr/bin/cc
-- Check for working C compiler: /usr/bin/cc -- works
-- Detecting C compiler ABI info
-- Detecting C compiler ABI info - done
-- Detecting C compile features
-- Detecting C compile features - done
-- Check for working CXX compiler: /usr/bin/c++
-- Check for working CXX compiler: /usr/bin/c++ -- works
-- Detecting CXX compiler ABI info
-- Detecting CXX compiler ABI info - done
-- Detecting CXX compile features
-- Detecting CXX compile features - done
-- Found ament_cmake: 0.7.3 (/home/takeyama/workspace/ros2_ws/install/ament_cmake/share/ament_cmake/cmake)
-- Found PythonInterp: /usr/bin/python3 (found suitable version "3.6.8", minimum required is "3") 
-- Using PYTHON_EXECUTABLE: /usr/bin/python3
-- Override CMake install command with custom implementation using symlinks instead of copying resources
-- Found rclcpp: 0.7.10 (/home/takeyama/workspace/ros2_ws/install/rclcpp/share/rclcpp/cmake)
-- Found rosidl_adapter: 0.7.6 (/home/takeyama/workspace/ros2_ws/install/rosidl_adapter/share/rosidl_adapter/cmake)
-- Found rmw_implementation_cmake: 0.7.2 (/home/takeyama/workspace/ros2_ws/install/rmw_implementation_cmake/share/rmw_implementation_cmake/cmake)
-- Looking for pthread.h
-- Looking for pthread.h - found
-- Looking for pthread_create
-- Looking for pthread_create - not found
-- Looking for pthread_create in pthreads
-- Looking for pthread_create in pthreads - not found
-- Looking for pthread_create in pthread
-- Looking for pthread_create in pthread - found
-- Found Threads: TRUE  
-- Found std_msgs: 0.7.0 (/home/takeyama/workspace/ros2_ws/install/std_msgs/share/std_msgs/cmake)
-- Found sensor_msgs: 0.7.0 (/home/takeyama/workspace/ros2_ws/install/sensor_msgs/share/sensor_msgs/cmake)
-- Found ament_lint_auto: 0.7.10 (/home/takeyama/workspace/ros2_ws/install/ament_lint_auto/share/ament_lint_auto/cmake)
-- Configuring done
-- Generating done
-- Build files have been written to: /home/takeyama/workspace/ros2_eyeexplorer/src/build/ts01
Invoked command in '/home/takeyama/workspace/ros2_eyeexplorer/src/build/ts01' returned '0': CMAKE_PREFIX_PATH=${CMAKE_PREFIX_PATH}:/home/takeyama/workspace/ros2_ws/install/ros2bag:/home/takeyama/workspace/ros2_ws/install/topic_monitor:/home/takeyama/workspace/ros2_ws/install/sros2:/home/takeyama/workspace/ros2_ws/install/rqt:/home/takeyama/workspace/ros2_ws/install/rqt_graph:/home/takeyama/workspace/ros2_ws/install/rqt_gui_py:/home/takeyama/workspace/ros2_ws/install/rqt_gui:/home/takeyama/workspace/ros2_ws/install/ros2topic:/home/takeyama/workspace/ros2_ws/install/ros2test:/home/takeyama/workspace/ros2_ws/install/ros2component:/home/takeyama/workspace/ros2_ws/install/ros2param:/home/takeyama/workspace/ros2_ws/install/ros2lifecycle:/home/takeyama/workspace/ros2_ws/install/ros2service:/home/takeyama/workspace/ros2_ws/install/ros2srv:/home/takeyama/workspace/ros2_ws/install/ros2run:/home/takeyama/workspace/ros2_ws/install/ros2launch:/home/takeyama/workspace/ros2_ws/install/ros2pkg:/home/takeyama/workspace/ros2_ws/install/ros2node:/home/takeyama/workspace/ros2_ws/install/ros2multicast:/home/takeyama/workspace/ros2_ws/install/ros2msg:/home/takeyama/workspace/ros2_ws/install/ros2action:/home/takeyama/workspace/ros2_ws/install/ros2cli:/home/takeyama/workspace/ros2_ws/install/quality_of_service_demo_py:/home/takeyama/workspace/ros2_ws/install/launch_testing_ros:/home/takeyama/workspace/ros2_ws/install/launch_ros:/home/takeyama/workspace/ros2_ws/install/examples_rclpy_minimal_subscriber:/home/takeyama/workspace/ros2_ws/install/examples_rclpy_minimal_service:/home/takeyama/workspace/ros2_ws/install/examples_rclpy_minimal_publisher:/home/takeyama/workspace/ros2_ws/install/examples_rclpy_minimal_client:/home/takeyama/workspace/ros2_ws/install/examples_rclpy_minimal_action_server:/home/takeyama/workspace/ros2_ws/install/examples_rclpy_minimal_action_client:/home/takeyama/workspace/ros2_ws/install/examples_rclpy_executors:/home/takeyama/workspace/ros2_ws/install/demo_nodes_py:/home/takeyama/workspace/ros2_ws/install/ament_uncrustify:/home/takeyama/workspace/ros2_ws/install/test_launch_ros:/home/takeyama/workspace/ros2_ws/install/rosidl_runtime_py:/home/takeyama/workspace/ros2_ws/install/launch_testing:/home/takeyama/workspace/ros2_ws/install/launch:/home/takeyama/workspace/ros2_ws/install/osrf_pycommon:/home/takeyama/workspace/ros2_ws/install/ament_xmllint:/home/takeyama/workspace/ros2_ws/install/ament_pyflakes:/home/takeyama/workspace/ros2_ws/install/ament_pep8:/home/takeyama/workspace/ros2_ws/install/ament_pep257:/home/takeyama/workspace/ros2_ws/install/ament_pclint:/home/takeyama/workspace/ros2_ws/install/ament_package:/home/takeyama/workspace/ros2_ws/install/ament_lint_cmake:/home/takeyama/workspace/ros2_ws/install/ament_flake8:/home/takeyama/workspace/ros2_ws/install/ament_copyright:/home/takeyama/workspace/ros2_ws/install/ament_lint:/home/takeyama/workspace/ros2_ws/install/ament_index_python:/home/takeyama/workspace/ros2_ws/install/ament_cpplint:/home/takeyama/workspace/ros2_ws/install/ament_cppcheck:/home/takeyama/workspace/ros2_ws/install/ament_clang_tidy:/home/takeyama/workspace/ros2_ws/install/ament_clang_format:/home/takeyama/workspace/ros2_eyeexplorer/install/examples_rclpy_minimal_action_server:/opt/ros/dashing /usr/bin/cmake /home/takeyama/workspace/ros2_eyeexplorer/src/ts01 -DAMENT_CMAKE_SYMLINK_INSTALL=1 -DCMAKE_INSTALL_PREFIX=/home/takeyama/workspace/ros2_eyeexplorer/src/install/ts01
Invoking command in '/home/takeyama/workspace/ros2_eyeexplorer/src/build/ts01': CMAKE_PREFIX_PATH=${CMAKE_PREFIX_PATH}:/home/takeyama/workspace/ros2_ws/install/ros2bag:/home/takeyama/workspace/ros2_ws/install/topic_monitor:/home/takeyama/workspace/ros2_ws/install/sros2:/home/takeyama/workspace/ros2_ws/install/rqt:/home/takeyama/workspace/ros2_ws/install/rqt_graph:/home/takeyama/workspace/ros2_ws/install/rqt_gui_py:/home/takeyama/workspace/ros2_ws/install/rqt_gui:/home/takeyama/workspace/ros2_ws/install/ros2topic:/home/takeyama/workspace/ros2_ws/install/ros2test:/home/takeyama/workspace/ros2_ws/install/ros2component:/home/takeyama/workspace/ros2_ws/install/ros2param:/home/takeyama/workspace/ros2_ws/install/ros2lifecycle:/home/takeyama/workspace/ros2_ws/install/ros2service:/home/takeyama/workspace/ros2_ws/install/ros2srv:/home/takeyama/workspace/ros2_ws/install/ros2run:/home/takeyama/workspace/ros2_ws/install/ros2launch:/home/takeyama/workspace/ros2_ws/install/ros2pkg:/home/takeyama/workspace/ros2_ws/install/ros2node:/home/takeyama/workspace/ros2_ws/install/ros2multicast:/home/takeyama/workspace/ros2_ws/install/ros2msg:/home/takeyama/workspace/ros2_ws/install/ros2action:/home/takeyama/workspace/ros2_ws/install/ros2cli:/home/takeyama/workspace/ros2_ws/install/quality_of_service_demo_py:/home/takeyama/workspace/ros2_ws/install/launch_testing_ros:/home/takeyama/workspace/ros2_ws/install/launch_ros:/home/takeyama/workspace/ros2_ws/install/examples_rclpy_minimal_subscriber:/home/takeyama/workspace/ros2_ws/install/examples_rclpy_minimal_service:/home/takeyama/workspace/ros2_ws/install/examples_rclpy_minimal_publisher:/home/takeyama/workspace/ros2_ws/install/examples_rclpy_minimal_client:/home/takeyama/workspace/ros2_ws/install/examples_rclpy_minimal_action_server:/home/takeyama/workspace/ros2_ws/install/examples_rclpy_minimal_action_client:/home/takeyama/workspace/ros2_ws/install/examples_rclpy_executors:/home/takeyama/workspace/ros2_ws/install/demo_nodes_py:/home/takeyama/workspace/ros2_ws/install/ament_uncrustify:/home/takeyama/workspace/ros2_ws/install/test_launch_ros:/home/takeyama/workspace/ros2_ws/install/rosidl_runtime_py:/home/takeyama/workspace/ros2_ws/install/launch_testing:/home/takeyama/workspace/ros2_ws/install/launch:/home/takeyama/workspace/ros2_ws/install/osrf_pycommon:/home/takeyama/workspace/ros2_ws/install/ament_xmllint:/home/takeyama/workspace/ros2_ws/install/ament_pyflakes:/home/takeyama/workspace/ros2_ws/install/ament_pep8:/home/takeyama/workspace/ros2_ws/install/ament_pep257:/home/takeyama/workspace/ros2_ws/install/ament_pclint:/home/takeyama/workspace/ros2_ws/install/ament_package:/home/takeyama/workspace/ros2_ws/install/ament_lint_cmake:/home/takeyama/workspace/ros2_ws/install/ament_flake8:/home/takeyama/workspace/ros2_ws/install/ament_copyright:/home/takeyama/workspace/ros2_ws/install/ament_lint:/home/takeyama/workspace/ros2_ws/install/ament_index_python:/home/takeyama/workspace/ros2_ws/install/ament_cpplint:/home/takeyama/workspace/ros2_ws/install/ament_cppcheck:/home/takeyama/workspace/ros2_ws/install/ament_clang_tidy:/home/takeyama/workspace/ros2_ws/install/ament_clang_format:/home/takeyama/workspace/ros2_eyeexplorer/install/examples_rclpy_minimal_action_server:/opt/ros/dashing /usr/bin/cmake --build /home/takeyama/workspace/ros2_eyeexplorer/src/build/ts01 -- -j8 -l8
[35m[1mScanning dependencies of target ts01_sensor[0m
[ 50%] [32mBuilding CXX object CMakeFiles/ts01_sensor.dir/src/ts01_sensor.cpp.o[0m
[01m[K/home/takeyama/workspace/ros2_eyeexplorer/src/ts01/src/ts01_sensor.cpp:[m[K In function ‘[01m[Kint init_module()[m[K’:
[01m[K/home/takeyama/workspace/ros2_eyeexplorer/src/ts01/src/ts01_sensor.cpp:72:25:[m[K [01;35m[Kwarning: [m[Koverflow in implicit constant conversion [[01;35m[K-Woverflow[m[K]
     short ssi_timeout = [01;35m[K40000[m[K; // / 8; // 40000ns / 8ns  //30usでは短すぎる //short型の最大値が32767
                         [01;35m[K^~~~~[m[K
